\BOOKMARK [0][-]{chapter.1}{\376\377\0001\000\040\000V\000e\000r\000z\000e\000i\000c\000h\000n\000i\000s\000\040\000d\000e\000r\000\040\000N\000a\000m\000e\000n\000s\000b\000e\000r\000e\000i\000c\000h\000e}{}% 1
\BOOKMARK [1][-]{section.1.1}{\376\377\0001\000.\0001\000\040\000P\000a\000k\000e\000t\000e}{chapter.1}% 2
\BOOKMARK [0][-]{chapter.2}{\376\377\0002\000\040\000H\000i\000e\000r\000a\000r\000c\000h\000i\000e\000-\000V\000e\000r\000z\000e\000i\000c\000h\000n\000i\000s}{}% 3
\BOOKMARK [1][-]{section.2.1}{\376\377\0002\000.\0001\000\040\000K\000l\000a\000s\000s\000e\000n\000h\000i\000e\000r\000a\000r\000c\000h\000i\000e}{chapter.2}% 4
\BOOKMARK [0][-]{chapter.3}{\376\377\0003\000\040\000K\000l\000a\000s\000s\000e\000n\000-\000V\000e\000r\000z\000e\000i\000c\000h\000n\000i\000s}{}% 5
\BOOKMARK [1][-]{section.3.1}{\376\377\0003\000.\0001\000\040\000A\000u\000f\000l\000i\000s\000t\000u\000n\000g\000\040\000d\000e\000r\000\040\000K\000l\000a\000s\000s\000e\000n}{chapter.3}% 6
\BOOKMARK [0][-]{chapter.4}{\376\377\0004\000\040\000D\000a\000t\000e\000i\000-\000V\000e\000r\000z\000e\000i\000c\000h\000n\000i\000s}{}% 7
\BOOKMARK [1][-]{section.4.1}{\376\377\0004\000.\0001\000\040\000A\000u\000f\000l\000i\000s\000t\000u\000n\000g\000\040\000d\000e\000r\000\040\000D\000a\000t\000e\000i\000e\000n}{chapter.4}% 8
\BOOKMARK [0][-]{chapter.5}{\376\377\0005\000\040\000D\000o\000k\000u\000m\000e\000n\000t\000a\000t\000i\000o\000n\000\040\000d\000e\000r\000\040\000N\000a\000m\000e\000n\000s\000b\000e\000r\000e\000i\000c\000h\000e}{}% 9
\BOOKMARK [1][-]{section.5.1}{\376\377\0005\000.\0001\000\040\000P\000a\000k\000e\000t\000\040\000d\000e\000.\000h\000t\000w\000s\000a\000a\000r\000.\000p\000o\000n\000g\000.\000z\000u\000s\000e\000.\000c\000o\000n\000t\000r\000o\000l\000l\000e\000r}{chapter.5}% 10
\BOOKMARK [2][-]{subsection.5.1.1}{\376\377\0005\000.\0001\000.\0001\000\040\000A\000u\000s\000f\000\374\000h\000r\000l\000i\000c\000h\000e\000\040\000B\000e\000s\000c\000h\000r\000e\000i\000b\000u\000n\000g}{section.5.1}% 11
\BOOKMARK [1][-]{section.5.2}{\376\377\0005\000.\0002\000\040\000P\000a\000k\000e\000t\000\040\000d\000e\000.\000h\000t\000w\000s\000a\000a\000r\000.\000p\000o\000n\000g\000.\000z\000u\000s\000e\000.\000m\000o\000d\000e\000l}{chapter.5}% 12
\BOOKMARK [2][-]{subsection.5.2.1}{\376\377\0005\000.\0002\000.\0001\000\040\000A\000u\000s\000f\000\374\000h\000r\000l\000i\000c\000h\000e\000\040\000B\000e\000s\000c\000h\000r\000e\000i\000b\000u\000n\000g}{section.5.2}% 13
\BOOKMARK [0][-]{chapter.6}{\376\377\0006\000\040\000K\000l\000a\000s\000s\000e\000n\000-\000D\000o\000k\000u\000m\000e\000n\000t\000a\000t\000i\000o\000n}{}% 14
\BOOKMARK [1][-]{section.6.1}{\376\377\0006\000.\0001\000\040\000d\000e\000.\000h\000t\000w\000s\000a\000a\000r\000.\000p\000o\000n\000g\000.\000z\000u\000s\000e\000.\000A\000p\000p\000T\000e\000s\000t\000\040\000K\000l\000a\000s\000s\000e\000n\000r\000e\000f\000e\000r\000e\000n\000z}{chapter.6}% 15
\BOOKMARK [2][-]{subsection.6.1.1}{\376\377\0006\000.\0001\000.\0001\000\040\000A\000u\000s\000f\000\374\000h\000r\000l\000i\000c\000h\000e\000\040\000B\000e\000s\000c\000h\000r\000e\000i\000b\000u\000n\000g}{section.6.1}% 16
\BOOKMARK [2][-]{subsection.6.1.2}{\376\377\0006\000.\0001\000.\0002\000\040\000D\000o\000k\000u\000m\000e\000n\000t\000a\000t\000i\000o\000n\000\040\000d\000e\000r\000\040\000E\000l\000e\000m\000e\000n\000t\000f\000u\000n\000k\000t\000i\000o\000n\000e\000n}{section.6.1}% 17
\BOOKMARK [3][-]{subsubsection.6.1.2.1}{\376\377\0006\000.\0001\000.\0002\000.\0001\000\040\000s\000h\000o\000u\000l\000d\000A\000n\000s\000w\000e\000r\000W\000i\000t\000h\000T\000r\000u\000e\000\050\000\051}{subsection.6.1.2}% 18
\BOOKMARK [1][-]{section.6.2}{\376\377\0006\000.\0002\000\040\000d\000e\000.\000h\000t\000w\000s\000a\000a\000r\000.\000p\000o\000n\000g\000.\000z\000u\000s\000e\000.\000c\000o\000n\000t\000r\000o\000l\000l\000e\000r\000.\000C\000h\000o\000o\000s\000e\000G\000a\000m\000e\000M\000o\000d\000e\000C\000o\000n\000t\000r\000o\000l\000l\000e\000r\000\040\000K\000l\000a\000s\000s\000e\000n\000r\000e\000f\000e\000r\000e\000n\000z}{chapter.6}% 19
\BOOKMARK [2][-]{subsection.6.2.1}{\376\377\0006\000.\0002\000.\0001\000\040\000A\000u\000s\000f\000\374\000h\000r\000l\000i\000c\000h\000e\000\040\000B\000e\000s\000c\000h\000r\000e\000i\000b\000u\000n\000g}{section.6.2}% 20
\BOOKMARK [2][-]{subsection.6.2.2}{\376\377\0006\000.\0002\000.\0002\000\040\000D\000o\000k\000u\000m\000e\000n\000t\000a\000t\000i\000o\000n\000\040\000d\000e\000r\000\040\000E\000l\000e\000m\000e\000n\000t\000f\000u\000n\000k\000t\000i\000o\000n\000e\000n}{section.6.2}% 21
\BOOKMARK [3][-]{subsubsection.6.2.2.1}{\376\377\0006\000.\0002\000.\0002\000.\0001\000\040\000g\000o\000T\000o\000M\000a\000i\000n\000M\000e\000n\000u\000\050\000\051}{subsection.6.2.2}% 22
\BOOKMARK [3][-]{subsubsection.6.2.2.2}{\376\377\0006\000.\0002\000.\0002\000.\0002\000\040\000g\000o\000T\000o\000M\000u\000l\000t\000i\000p\000l\000a\000y\000e\000r\000\050\000\051}{subsection.6.2.2}% 23
\BOOKMARK [3][-]{subsubsection.6.2.2.3}{\376\377\0006\000.\0002\000.\0002\000.\0003\000\040\000g\000o\000T\000o\000S\000i\000n\000g\000l\000e\000p\000l\000a\000y\000e\000r\000\050\000\051}{subsection.6.2.2}% 24
\BOOKMARK [1][-]{section.6.3}{\376\377\0006\000.\0003\000\040\000d\000e\000.\000h\000t\000w\000s\000a\000a\000r\000.\000p\000o\000n\000g\000.\000z\000u\000s\000e\000.\000m\000o\000d\000e\000l\000.\000G\000a\000m\000e\000B\000a\000l\000l\000\040\000K\000l\000a\000s\000s\000e\000n\000r\000e\000f\000e\000r\000e\000n\000z}{chapter.6}% 25
\BOOKMARK [2][-]{subsection.6.3.1}{\376\377\0006\000.\0003\000.\0001\000\040\000A\000u\000s\000f\000\374\000h\000r\000l\000i\000c\000h\000e\000\040\000B\000e\000s\000c\000h\000r\000e\000i\000b\000u\000n\000g}{section.6.3}% 26
\BOOKMARK [2][-]{subsection.6.3.2}{\376\377\0006\000.\0003\000.\0002\000\040\000B\000e\000s\000c\000h\000r\000e\000i\000b\000u\000n\000g\000\040\000d\000e\000r\000\040\000K\000o\000n\000s\000t\000r\000u\000k\000t\000o\000r\000e\000n\000\040\000u\000n\000d\000\040\000D\000e\000s\000t\000r\000u\000k\000t\000o\000r\000e\000n}{section.6.3}% 27
\BOOKMARK [3][-]{subsubsection.6.3.2.1}{\376\377\0006\000.\0003\000.\0002\000.\0001\000\040\000G\000a\000m\000e\000B\000a\000l\000l\000\050\000\051}{subsection.6.3.2}% 28
\BOOKMARK [2][-]{subsection.6.3.3}{\376\377\0006\000.\0003\000.\0003\000\040\000D\000o\000k\000u\000m\000e\000n\000t\000a\000t\000i\000o\000n\000\040\000d\000e\000r\000\040\000E\000l\000e\000m\000e\000n\000t\000f\000u\000n\000k\000t\000i\000o\000n\000e\000n}{section.6.3}% 29
\BOOKMARK [3][-]{subsubsection.6.3.3.1}{\376\377\0006\000.\0003\000.\0003\000.\0001\000\040\000g\000e\000t\000I\000n\000i\000t\000i\000a\000l\000X\000S\000p\000e\000e\000d\000\050\000\051}{subsection.6.3.3}% 30
\BOOKMARK [3][-]{subsubsection.6.3.3.2}{\376\377\0006\000.\0003\000.\0003\000.\0002\000\040\000g\000e\000t\000I\000n\000i\000t\000i\000a\000l\000Y\000S\000p\000e\000e\000d\000\050\000\051}{subsection.6.3.3}% 31
\BOOKMARK [3][-]{subsubsection.6.3.3.3}{\376\377\0006\000.\0003\000.\0003\000.\0003\000\040\000g\000e\000t\000X\000S\000p\000e\000e\000d\000\050\000\051}{subsection.6.3.3}% 32
\BOOKMARK [3][-]{subsubsection.6.3.3.4}{\376\377\0006\000.\0003\000.\0003\000.\0004\000\040\000g\000e\000t\000Y\000S\000p\000e\000e\000d\000\050\000\051}{subsection.6.3.3}% 33
\BOOKMARK [3][-]{subsubsection.6.3.3.5}{\376\377\0006\000.\0003\000.\0003\000.\0005\000\040\000s\000e\000t\000X\000S\000p\000e\000e\000d\000\050\000\051}{subsection.6.3.3}% 34
\BOOKMARK [3][-]{subsubsection.6.3.3.6}{\376\377\0006\000.\0003\000.\0003\000.\0006\000\040\000s\000e\000t\000Y\000S\000p\000e\000e\000d\000\050\000\051}{subsection.6.3.3}% 35
\BOOKMARK [3][-]{subsubsection.6.3.3.7}{\376\377\0006\000.\0003\000.\0003\000.\0007\000\040\000s\000t\000o\000p\000B\000a\000l\000l\000A\000n\000i\000m\000a\000t\000i\000o\000n\000\050\000\051}{subsection.6.3.3}% 36
\BOOKMARK [1][-]{section.6.4}{\376\377\0006\000.\0004\000\040\000d\000e\000.\000h\000t\000w\000s\000a\000a\000r\000.\000p\000o\000n\000g\000.\000z\000u\000s\000e\000.\000m\000o\000d\000e\000l\000.\000G\000a\000m\000e\000B\000u\000t\000t\000o\000n\000\040\000K\000l\000a\000s\000s\000e\000n\000r\000e\000f\000e\000r\000e\000n\000z}{chapter.6}% 37
\BOOKMARK [2][-]{subsection.6.4.1}{\376\377\0006\000.\0004\000.\0001\000\040\000A\000u\000s\000f\000\374\000h\000r\000l\000i\000c\000h\000e\000\040\000B\000e\000s\000c\000h\000r\000e\000i\000b\000u\000n\000g}{section.6.4}% 38
\BOOKMARK [2][-]{subsection.6.4.2}{\376\377\0006\000.\0004\000.\0002\000\040\000B\000e\000s\000c\000h\000r\000e\000i\000b\000u\000n\000g\000\040\000d\000e\000r\000\040\000K\000o\000n\000s\000t\000r\000u\000k\000t\000o\000r\000e\000n\000\040\000u\000n\000d\000\040\000D\000e\000s\000t\000r\000u\000k\000t\000o\000r\000e\000n}{section.6.4}% 39
\BOOKMARK [3][-]{subsubsection.6.4.2.1}{\376\377\0006\000.\0004\000.\0002\000.\0001\000\040\000G\000a\000m\000e\000B\000u\000t\000t\000o\000n\000\050\000\051}{subsection.6.4.2}% 40
\BOOKMARK [1][-]{section.6.5}{\376\377\0006\000.\0005\000\040\000d\000e\000.\000h\000t\000w\000s\000a\000a\000r\000.\000p\000o\000n\000g\000.\000z\000u\000s\000e\000.\000m\000o\000d\000e\000l\000.\000G\000a\000m\000e\000H\000a\000n\000d\000l\000e\000r\000\040\000K\000l\000a\000s\000s\000e\000n\000r\000e\000f\000e\000r\000e\000n\000z}{chapter.6}% 41
\BOOKMARK [2][-]{subsection.6.5.1}{\376\377\0006\000.\0005\000.\0001\000\040\000A\000u\000s\000f\000\374\000h\000r\000l\000i\000c\000h\000e\000\040\000B\000e\000s\000c\000h\000r\000e\000i\000b\000u\000n\000g}{section.6.5}% 42
\BOOKMARK [2][-]{subsection.6.5.2}{\376\377\0006\000.\0005\000.\0002\000\040\000B\000e\000s\000c\000h\000r\000e\000i\000b\000u\000n\000g\000\040\000d\000e\000r\000\040\000K\000o\000n\000s\000t\000r\000u\000k\000t\000o\000r\000e\000n\000\040\000u\000n\000d\000\040\000D\000e\000s\000t\000r\000u\000k\000t\000o\000r\000e\000n}{section.6.5}% 43
\BOOKMARK [3][-]{subsubsection.6.5.2.1}{\376\377\0006\000.\0005\000.\0002\000.\0001\000\040\000G\000a\000m\000e\000H\000a\000n\000d\000l\000e\000r\000\050\000\051}{subsection.6.5.2}% 44
\BOOKMARK [2][-]{subsection.6.5.3}{\376\377\0006\000.\0005\000.\0003\000\040\000D\000o\000k\000u\000m\000e\000n\000t\000a\000t\000i\000o\000n\000\040\000d\000e\000r\000\040\000E\000l\000e\000m\000e\000n\000t\000f\000u\000n\000k\000t\000i\000o\000n\000e\000n}{section.6.5}% 45
\BOOKMARK [3][-]{subsubsection.6.5.3.1}{\376\377\0006\000.\0005\000.\0003\000.\0001\000\040\000c\000r\000e\000a\000t\000e\000G\000a\000m\000e\000S\000u\000b\000S\000c\000e\000n\000e\000\050\000\051}{subsection.6.5.3}% 46
\BOOKMARK [3][-]{subsubsection.6.5.3.2}{\376\377\0006\000.\0005\000.\0003\000.\0002\000\040\000c\000r\000e\000a\000t\000e\000G\000a\000m\000e\000T\000i\000m\000e\000r\000\050\000\051}{subsection.6.5.3}% 47
\BOOKMARK [3][-]{subsubsection.6.5.3.3}{\376\377\0006\000.\0005\000.\0003\000.\0003\000\040\000c\000r\000e\000a\000t\000e\000G\000a\000m\000e\000T\000i\000t\000l\000e\000\050\000\051}{subsection.6.5.3}% 48
\BOOKMARK [3][-]{subsubsection.6.5.3.4}{\376\377\0006\000.\0005\000.\0003\000.\0004\000\040\000c\000r\000e\000a\000t\000e\000M\000e\000n\000u\000B\000u\000t\000t\000o\000n\000\050\000\051}{subsection.6.5.3}% 49
\BOOKMARK [3][-]{subsubsection.6.5.3.5}{\376\377\0006\000.\0005\000.\0003\000.\0005\000\040\000c\000r\000e\000a\000t\000e\000S\000c\000o\000r\000e\000S\000u\000b\000S\000c\000e\000n\000e\000\050\000\051}{subsection.6.5.3}% 50
\BOOKMARK [3][-]{subsubsection.6.5.3.6}{\376\377\0006\000.\0005\000.\0003\000.\0006\000\040\000k\000e\000y\000L\000i\000s\000t\000e\000n\000e\000r\000s\000\050\000\051}{subsection.6.5.3}% 51
\BOOKMARK [3][-]{subsubsection.6.5.3.7}{\376\377\0006\000.\0005\000.\0003\000.\0007\000\040\000m\000o\000v\000e\000P\000l\000a\000y\000e\000r\000\050\000\051}{subsection.6.5.3}% 52
\BOOKMARK [1][-]{section.6.6}{\376\377\0006\000.\0006\000\040\000d\000e\000.\000h\000t\000w\000s\000a\000a\000r\000.\000p\000o\000n\000g\000.\000z\000u\000s\000e\000.\000m\000o\000d\000e\000l\000.\000G\000a\000m\000e\000O\000p\000t\000i\000o\000n\000s\000.\000G\000a\000m\000e\000M\000o\000d\000e\000\040\000E\000n\000u\000m\000-\000R\000e\000f\000e\000r\000e\000n\000z}{chapter.6}% 53
\BOOKMARK [2][-]{subsection.6.6.1}{\376\377\0006\000.\0006\000.\0001\000\040\000A\000u\000s\000f\000\374\000h\000r\000l\000i\000c\000h\000e\000\040\000B\000e\000s\000c\000h\000r\000e\000i\000b\000u\000n\000g}{section.6.6}% 54
\BOOKMARK [2][-]{subsection.6.6.2}{\376\377\0006\000.\0006\000.\0002\000\040\000D\000o\000k\000u\000m\000e\000n\000t\000a\000t\000i\000o\000n\000\040\000d\000e\000r\000\040\000D\000a\000t\000e\000n\000e\000l\000e\000m\000e\000n\000t\000e}{section.6.6}% 55
\BOOKMARK [3][-]{subsubsection.6.6.2.1}{\376\377\0006\000.\0006\000.\0002\000.\0001\000\040\000M\000U\000L\000T\000I\000P\000L\000A\000Y\000E\000R}{subsection.6.6.2}% 56
\BOOKMARK [3][-]{subsubsection.6.6.2.2}{\376\377\0006\000.\0006\000.\0002\000.\0002\000\040\000S\000I\000N\000G\000L\000E\000P\000L\000A\000Y\000E\000R}{subsection.6.6.2}% 57
\BOOKMARK [1][-]{section.6.7}{\376\377\0006\000.\0007\000\040\000d\000e\000.\000h\000t\000w\000s\000a\000a\000r\000.\000p\000o\000n\000g\000.\000z\000u\000s\000e\000.\000m\000o\000d\000e\000l\000.\000G\000a\000m\000e\000O\000p\000t\000i\000o\000n\000s\000\040\000K\000l\000a\000s\000s\000e\000n\000r\000e\000f\000e\000r\000e\000n\000z}{chapter.6}% 58
\BOOKMARK [2][-]{subsection.6.7.1}{\376\377\0006\000.\0007\000.\0001\000\040\000A\000u\000s\000f\000\374\000h\000r\000l\000i\000c\000h\000e\000\040\000B\000e\000s\000c\000h\000r\000e\000i\000b\000u\000n\000g}{section.6.7}% 59
\BOOKMARK [2][-]{subsection.6.7.2}{\376\377\0006\000.\0007\000.\0002\000\040\000D\000o\000k\000u\000m\000e\000n\000t\000a\000t\000i\000o\000n\000\040\000d\000e\000r\000\040\000E\000l\000e\000m\000e\000n\000t\000f\000u\000n\000k\000t\000i\000o\000n\000e\000n}{section.6.7}% 60
\BOOKMARK [3][-]{subsubsection.6.7.2.1}{\376\377\0006\000.\0007\000.\0002\000.\0001\000\040\000d\000o\000u\000b\000l\000e\000K\000e\000y\000A\000s\000s\000i\000g\000n\000m\000e\000n\000t\000\050\000\051}{subsection.6.7.2}% 61
\BOOKMARK [3][-]{subsubsection.6.7.2.2}{\376\377\0006\000.\0007\000.\0002\000.\0002\000\040\000g\000e\000t\000G\000a\000m\000e\000H\000e\000i\000g\000h\000t\000\050\000\051}{subsection.6.7.2}% 62
\BOOKMARK [3][-]{subsubsection.6.7.2.3}{\376\377\0006\000.\0007\000.\0002\000.\0003\000\040\000g\000e\000t\000G\000a\000m\000e\000M\000o\000d\000e\000\050\000\051}{subsection.6.7.2}% 63
\BOOKMARK [3][-]{subsubsection.6.7.2.4}{\376\377\0006\000.\0007\000.\0002\000.\0004\000\040\000g\000e\000t\000G\000a\000m\000e\000W\000i\000d\000t\000h\000\050\000\051}{subsection.6.7.2}% 64
\BOOKMARK [3][-]{subsubsection.6.7.2.5}{\376\377\0006\000.\0007\000.\0002\000.\0005\000\040\000g\000e\000t\000K\000e\000y\000C\000o\000d\000e\000P\000o\000n\000e\000D\000o\000w\000n\000\050\000\051}{subsection.6.7.2}% 65
\BOOKMARK [3][-]{subsubsection.6.7.2.6}{\376\377\0006\000.\0007\000.\0002\000.\0006\000\040\000g\000e\000t\000K\000e\000y\000C\000o\000d\000e\000P\000o\000n\000e\000U\000p\000\050\000\051}{subsection.6.7.2}% 66
\BOOKMARK [3][-]{subsubsection.6.7.2.7}{\376\377\0006\000.\0007\000.\0002\000.\0007\000\040\000g\000e\000t\000K\000e\000y\000C\000o\000d\000e\000P\000t\000w\000o\000D\000o\000w\000n\000\050\000\051}{subsection.6.7.2}% 67
\BOOKMARK [3][-]{subsubsection.6.7.2.8}{\376\377\0006\000.\0007\000.\0002\000.\0008\000\040\000g\000e\000t\000K\000e\000y\000C\000o\000d\000e\000P\000t\000w\000o\000U\000p\000\050\000\051}{subsection.6.7.2}% 68
\BOOKMARK [3][-]{subsubsection.6.7.2.9}{\376\377\0006\000.\0007\000.\0002\000.\0009\000\040\000g\000e\000t\000K\000i\000I\000n\000a\000c\000c\000u\000r\000a\000c\000y\000\050\000\051}{subsection.6.7.2}% 69
\BOOKMARK [3][-]{subsubsection.6.7.2.10}{\376\377\0006\000.\0007\000.\0002\000.\0001\0000\000\040\000g\000e\000t\000R\000o\000u\000n\000d\000s\000\050\000\051}{subsection.6.7.2}% 70
\BOOKMARK [3][-]{subsubsection.6.7.2.11}{\376\377\0006\000.\0007\000.\0002\000.\0001\0001\000\040\000s\000e\000t\000G\000a\000m\000e\000M\000o\000d\000e\000\050\000\051}{subsection.6.7.2}% 71
\BOOKMARK [3][-]{subsubsection.6.7.2.12}{\376\377\0006\000.\0007\000.\0002\000.\0001\0002\000\040\000s\000e\000t\000K\000e\000y\000C\000o\000d\000e\000P\000o\000n\000e\000D\000o\000w\000n\000\050\000\051}{subsection.6.7.2}% 72
\BOOKMARK [3][-]{subsubsection.6.7.2.13}{\376\377\0006\000.\0007\000.\0002\000.\0001\0003\000\040\000s\000e\000t\000K\000e\000y\000C\000o\000d\000e\000P\000o\000n\000e\000U\000p\000\050\000\051}{subsection.6.7.2}% 73
\BOOKMARK [3][-]{subsubsection.6.7.2.14}{\376\377\0006\000.\0007\000.\0002\000.\0001\0004\000\040\000s\000e\000t\000K\000e\000y\000C\000o\000d\000e\000P\000t\000w\000o\000D\000o\000w\000n\000\050\000\051}{subsection.6.7.2}% 74
\BOOKMARK [3][-]{subsubsection.6.7.2.15}{\376\377\0006\000.\0007\000.\0002\000.\0001\0005\000\040\000s\000e\000t\000K\000e\000y\000C\000o\000d\000e\000P\000t\000w\000o\000U\000p\000\050\000\051}{subsection.6.7.2}% 75
\BOOKMARK [3][-]{subsubsection.6.7.2.16}{\376\377\0006\000.\0007\000.\0002\000.\0001\0006\000\040\000s\000e\000t\000K\000i\000I\000n\000a\000c\000c\000u\000r\000a\000c\000y\000\050\000\051}{subsection.6.7.2}% 76
\BOOKMARK [3][-]{subsubsection.6.7.2.17}{\376\377\0006\000.\0007\000.\0002\000.\0001\0007\000\040\000s\000e\000t\000R\000o\000u\000n\000d\000s\000\050\000\051}{subsection.6.7.2}% 77
\BOOKMARK [1][-]{section.6.8}{\376\377\0006\000.\0008\000\040\000d\000e\000.\000h\000t\000w\000s\000a\000a\000r\000.\000p\000o\000n\000g\000.\000z\000u\000s\000e\000.\000m\000o\000d\000e\000l\000.\000G\000a\000m\000e\000P\000l\000a\000y\000e\000r\000\040\000K\000l\000a\000s\000s\000e\000n\000r\000e\000f\000e\000r\000e\000n\000z}{chapter.6}% 78
\BOOKMARK [2][-]{subsection.6.8.1}{\376\377\0006\000.\0008\000.\0001\000\040\000A\000u\000s\000f\000\374\000h\000r\000l\000i\000c\000h\000e\000\040\000B\000e\000s\000c\000h\000r\000e\000i\000b\000u\000n\000g}{section.6.8}% 79
\BOOKMARK [2][-]{subsection.6.8.2}{\376\377\0006\000.\0008\000.\0002\000\040\000B\000e\000s\000c\000h\000r\000e\000i\000b\000u\000n\000g\000\040\000d\000e\000r\000\040\000K\000o\000n\000s\000t\000r\000u\000k\000t\000o\000r\000e\000n\000\040\000u\000n\000d\000\040\000D\000e\000s\000t\000r\000u\000k\000t\000o\000r\000e\000n}{section.6.8}% 80
\BOOKMARK [3][-]{subsubsection.6.8.2.1}{\376\377\0006\000.\0008\000.\0002\000.\0001\000\040\000G\000a\000m\000e\000P\000l\000a\000y\000e\000r\000\050\000\051}{subsection.6.8.2}% 81
\BOOKMARK [1][-]{section.6.9}{\376\377\0006\000.\0009\000\040\000d\000e\000.\000h\000t\000w\000s\000a\000a\000r\000.\000p\000o\000n\000g\000.\000z\000u\000s\000e\000.\000m\000o\000d\000e\000l\000.\000G\000a\000m\000e\000P\000l\000a\000y\000e\000r\000K\000I\000\040\000K\000l\000a\000s\000s\000e\000n\000r\000e\000f\000e\000r\000e\000n\000z}{chapter.6}% 82
\BOOKMARK [2][-]{subsection.6.9.1}{\376\377\0006\000.\0009\000.\0001\000\040\000A\000u\000s\000f\000\374\000h\000r\000l\000i\000c\000h\000e\000\040\000B\000e\000s\000c\000h\000r\000e\000i\000b\000u\000n\000g}{section.6.9}% 83
\BOOKMARK [2][-]{subsection.6.9.2}{\376\377\0006\000.\0009\000.\0002\000\040\000B\000e\000s\000c\000h\000r\000e\000i\000b\000u\000n\000g\000\040\000d\000e\000r\000\040\000K\000o\000n\000s\000t\000r\000u\000k\000t\000o\000r\000e\000n\000\040\000u\000n\000d\000\040\000D\000e\000s\000t\000r\000u\000k\000t\000o\000r\000e\000n}{section.6.9}% 84
\BOOKMARK [3][-]{subsubsection.6.9.2.1}{\376\377\0006\000.\0009\000.\0002\000.\0001\000\040\000G\000a\000m\000e\000P\000l\000a\000y\000e\000r\000K\000I\000\050\000\051}{subsection.6.9.2}% 85
\BOOKMARK [2][-]{subsection.6.9.3}{\376\377\0006\000.\0009\000.\0003\000\040\000D\000o\000k\000u\000m\000e\000n\000t\000a\000t\000i\000o\000n\000\040\000d\000e\000r\000\040\000E\000l\000e\000m\000e\000n\000t\000f\000u\000n\000k\000t\000i\000o\000n\000e\000n}{section.6.9}% 86
\BOOKMARK [3][-]{subsubsection.6.9.3.1}{\376\377\0006\000.\0009\000.\0003\000.\0001\000\040\000s\000e\000t\000I\000n\000A\000c\000c\000\050\000\051}{subsection.6.9.3}% 87
\BOOKMARK [1][-]{section.6.10}{\376\377\0006\000.\0001\0000\000\040\000d\000e\000.\000h\000t\000w\000s\000a\000a\000r\000.\000p\000o\000n\000g\000.\000z\000u\000s\000e\000.\000m\000o\000d\000e\000l\000.\000G\000a\000m\000e\000P\000o\000i\000n\000t\000\040\000K\000l\000a\000s\000s\000e\000n\000r\000e\000f\000e\000r\000e\000n\000z}{chapter.6}% 88
\BOOKMARK [2][-]{subsection.6.10.1}{\376\377\0006\000.\0001\0000\000.\0001\000\040\000A\000u\000s\000f\000\374\000h\000r\000l\000i\000c\000h\000e\000\040\000B\000e\000s\000c\000h\000r\000e\000i\000b\000u\000n\000g}{section.6.10}% 89
\BOOKMARK [2][-]{subsection.6.10.2}{\376\377\0006\000.\0001\0000\000.\0002\000\040\000D\000o\000k\000u\000m\000e\000n\000t\000a\000t\000i\000o\000n\000\040\000d\000e\000r\000\040\000E\000l\000e\000m\000e\000n\000t\000f\000u\000n\000k\000t\000i\000o\000n\000e\000n}{section.6.10}% 90
\BOOKMARK [3][-]{subsubsection.6.10.2.1}{\376\377\0006\000.\0001\0000\000.\0002\000.\0001\000\040\000r\000u\000n\000\050\000\051}{subsection.6.10.2}% 91
\BOOKMARK [1][-]{section.6.11}{\376\377\0006\000.\0001\0001\000\040\000d\000e\000.\000h\000t\000w\000s\000a\000a\000r\000.\000p\000o\000n\000g\000.\000z\000u\000s\000e\000.\000m\000o\000d\000e\000l\000.\000G\000a\000m\000e\000S\000u\000b\000S\000c\000e\000n\000e\000\040\000K\000l\000a\000s\000s\000e\000n\000r\000e\000f\000e\000r\000e\000n\000z}{chapter.6}% 92
\BOOKMARK [2][-]{subsection.6.11.1}{\376\377\0006\000.\0001\0001\000.\0001\000\040\000A\000u\000s\000f\000\374\000h\000r\000l\000i\000c\000h\000e\000\040\000B\000e\000s\000c\000h\000r\000e\000i\000b\000u\000n\000g}{section.6.11}% 93
\BOOKMARK [2][-]{subsection.6.11.2}{\376\377\0006\000.\0001\0001\000.\0002\000\040\000B\000e\000s\000c\000h\000r\000e\000i\000b\000u\000n\000g\000\040\000d\000e\000r\000\040\000K\000o\000n\000s\000t\000r\000u\000k\000t\000o\000r\000e\000n\000\040\000u\000n\000d\000\040\000D\000e\000s\000t\000r\000u\000k\000t\000o\000r\000e\000n}{section.6.11}% 94
\BOOKMARK [3][-]{subsubsection.6.11.2.1}{\376\377\0006\000.\0001\0001\000.\0002\000.\0001\000\040\000G\000a\000m\000e\000S\000u\000b\000S\000c\000e\000n\000e\000\050\000\051}{subsection.6.11.2}% 95
\BOOKMARK [2][-]{subsection.6.11.3}{\376\377\0006\000.\0001\0001\000.\0003\000\040\000D\000o\000k\000u\000m\000e\000n\000t\000a\000t\000i\000o\000n\000\040\000d\000e\000r\000\040\000E\000l\000e\000m\000e\000n\000t\000f\000u\000n\000k\000t\000i\000o\000n\000e\000n}{section.6.11}% 96
\BOOKMARK [3][-]{subsubsection.6.11.3.1}{\376\377\0006\000.\0001\0001\000.\0003\000.\0001\000\040\000g\000e\000t\000P\000a\000n\000e\000\050\000\051}{subsection.6.11.3}% 97
\BOOKMARK [1][-]{section.6.12}{\376\377\0006\000.\0001\0002\000\040\000d\000e\000.\000h\000t\000w\000s\000a\000a\000r\000.\000p\000o\000n\000g\000.\000z\000u\000s\000e\000.\000c\000o\000n\000t\000r\000o\000l\000l\000e\000r\000.\000G\000a\000m\000e\000V\000i\000e\000w\000C\000o\000n\000t\000r\000o\000l\000l\000e\000r\000\040\000K\000l\000a\000s\000s\000e\000n\000r\000e\000f\000e\000r\000e\000n\000z}{chapter.6}% 98
\BOOKMARK [2][-]{subsection.6.12.1}{\376\377\0006\000.\0001\0002\000.\0001\000\040\000A\000u\000s\000f\000\374\000h\000r\000l\000i\000c\000h\000e\000\040\000B\000e\000s\000c\000h\000r\000e\000i\000b\000u\000n\000g}{section.6.12}% 99
\BOOKMARK [2][-]{subsection.6.12.2}{\376\377\0006\000.\0001\0002\000.\0002\000\040\000D\000o\000k\000u\000m\000e\000n\000t\000a\000t\000i\000o\000n\000\040\000d\000e\000r\000\040\000E\000l\000e\000m\000e\000n\000t\000f\000u\000n\000k\000t\000i\000o\000n\000e\000n}{section.6.12}% 100
\BOOKMARK [3][-]{subsubsection.6.12.2.1}{\376\377\0006\000.\0001\0002\000.\0002\000.\0001\000\040\000i\000n\000i\000t\000i\000a\000l\000i\000z\000e\000\050\000\051}{subsection.6.12.2}% 101
\BOOKMARK [3][-]{subsubsection.6.12.2.2}{\376\377\0006\000.\0001\0002\000.\0002\000.\0002\000\040\000s\000t\000a\000r\000t\000B\000u\000t\000t\000o\000n\000\050\000\051}{subsection.6.12.2}% 102
\BOOKMARK [1][-]{section.6.13}{\376\377\0006\000.\0001\0003\000\040\000d\000e\000.\000h\000t\000w\000s\000a\000a\000r\000.\000p\000o\000n\000g\000.\000z\000u\000s\000e\000.\000c\000o\000n\000t\000r\000o\000l\000l\000e\000r\000.\000H\000o\000w\000T\000o\000P\000l\000a\000y\000C\000o\000n\000t\000r\000o\000l\000l\000e\000r\000\040\000K\000l\000a\000s\000s\000e\000n\000r\000e\000f\000e\000r\000e\000n\000z}{chapter.6}% 103
\BOOKMARK [2][-]{subsection.6.13.1}{\376\377\0006\000.\0001\0003\000.\0001\000\040\000A\000u\000s\000f\000\374\000h\000r\000l\000i\000c\000h\000e\000\040\000B\000e\000s\000c\000h\000r\000e\000i\000b\000u\000n\000g}{section.6.13}% 104
\BOOKMARK [2][-]{subsection.6.13.2}{\376\377\0006\000.\0001\0003\000.\0002\000\040\000D\000o\000k\000u\000m\000e\000n\000t\000a\000t\000i\000o\000n\000\040\000d\000e\000r\000\040\000E\000l\000e\000m\000e\000n\000t\000f\000u\000n\000k\000t\000i\000o\000n\000e\000n}{section.6.13}% 105
\BOOKMARK [3][-]{subsubsection.6.13.2.1}{\376\377\0006\000.\0001\0003\000.\0002\000.\0001\000\040\000g\000o\000T\000o\000M\000a\000i\000n\000M\000e\000n\000u\000\050\000\051}{subsection.6.13.2}% 106
\BOOKMARK [1][-]{section.6.14}{\376\377\0006\000.\0001\0004\000\040\000d\000e\000.\000h\000t\000w\000s\000a\000a\000r\000.\000p\000o\000n\000g\000.\000z\000u\000s\000e\000.\000m\000o\000d\000e\000l\000.\000L\000a\000u\000n\000c\000h\000G\000a\000m\000e\000\040\000K\000l\000a\000s\000s\000e\000n\000r\000e\000f\000e\000r\000e\000n\000z}{chapter.6}% 107
\BOOKMARK [2][-]{subsection.6.14.1}{\376\377\0006\000.\0001\0004\000.\0001\000\040\000A\000u\000s\000f\000\374\000h\000r\000l\000i\000c\000h\000e\000\040\000B\000e\000s\000c\000h\000r\000e\000i\000b\000u\000n\000g}{section.6.14}% 108
\BOOKMARK [2][-]{subsection.6.14.2}{\376\377\0006\000.\0001\0004\000.\0002\000\040\000D\000o\000k\000u\000m\000e\000n\000t\000a\000t\000i\000o\000n\000\040\000d\000e\000r\000\040\000E\000l\000e\000m\000e\000n\000t\000f\000u\000n\000k\000t\000i\000o\000n\000e\000n}{section.6.14}% 109
\BOOKMARK [3][-]{subsubsection.6.14.2.1}{\376\377\0006\000.\0001\0004\000.\0002\000.\0001\000\040\000l\000a\000u\000n\000c\000h\000G\000a\000m\000e\000\050\000\051}{subsection.6.14.2}% 110
\BOOKMARK [3][-]{subsubsection.6.14.2.2}{\376\377\0006\000.\0001\0004\000.\0002\000.\0002\000\040\000s\000t\000a\000r\000t\000\050\000\051}{subsection.6.14.2}% 111
\BOOKMARK [1][-]{section.6.15}{\376\377\0006\000.\0001\0005\000\040\000d\000e\000.\000h\000t\000w\000s\000a\000a\000r\000.\000p\000o\000n\000g\000.\000z\000u\000s\000e\000.\000c\000o\000n\000t\000r\000o\000l\000l\000e\000r\000.\000M\000a\000i\000n\000M\000e\000n\000u\000C\000o\000n\000t\000r\000o\000l\000l\000e\000r\000\040\000K\000l\000a\000s\000s\000e\000n\000r\000e\000f\000e\000r\000e\000n\000z}{chapter.6}% 112
\BOOKMARK [2][-]{subsection.6.15.1}{\376\377\0006\000.\0001\0005\000.\0001\000\040\000A\000u\000s\000f\000\374\000h\000r\000l\000i\000c\000h\000e\000\040\000B\000e\000s\000c\000h\000r\000e\000i\000b\000u\000n\000g}{section.6.15}% 113
\BOOKMARK [2][-]{subsection.6.15.2}{\376\377\0006\000.\0001\0005\000.\0002\000\040\000D\000o\000k\000u\000m\000e\000n\000t\000a\000t\000i\000o\000n\000\040\000d\000e\000r\000\040\000E\000l\000e\000m\000e\000n\000t\000f\000u\000n\000k\000t\000i\000o\000n\000e\000n}{section.6.15}% 114
\BOOKMARK [3][-]{subsubsection.6.15.2.1}{\376\377\0006\000.\0001\0005\000.\0002\000.\0001\000\040\000g\000o\000T\000o\000E\000x\000i\000t\000\050\000\051}{subsection.6.15.2}% 115
\BOOKMARK [3][-]{subsubsection.6.15.2.2}{\376\377\0006\000.\0001\0005\000.\0002\000.\0002\000\040\000g\000o\000T\000o\000H\000o\000w\000T\000o\000P\000l\000a\000y\000\050\000\051}{subsection.6.15.2}% 116
\BOOKMARK [3][-]{subsubsection.6.15.2.3}{\376\377\0006\000.\0001\0005\000.\0002\000.\0003\000\040\000g\000o\000T\000o\000O\000p\000t\000i\000o\000n\000s\000\050\000\051}{subsection.6.15.2}% 117
\BOOKMARK [3][-]{subsubsection.6.15.2.4}{\376\377\0006\000.\0001\0005\000.\0002\000.\0004\000\040\000g\000o\000T\000o\000P\000l\000a\000y\000\050\000\051}{subsection.6.15.2}% 118
\BOOKMARK [1][-]{section.6.16}{\376\377\0006\000.\0001\0006\000\040\000d\000e\000.\000h\000t\000w\000s\000a\000a\000r\000.\000p\000o\000n\000g\000.\000z\000u\000s\000e\000.\000c\000o\000n\000t\000r\000o\000l\000l\000e\000r\000.\000O\000p\000t\000i\000o\000n\000s\000M\000e\000n\000u\000C\000o\000n\000t\000r\000o\000l\000l\000e\000r\000\040\000K\000l\000a\000s\000s\000e\000n\000r\000e\000f\000e\000r\000e\000n\000z}{chapter.6}% 119
\BOOKMARK [2][-]{subsection.6.16.1}{\376\377\0006\000.\0001\0006\000.\0001\000\040\000A\000u\000s\000f\000\374\000h\000r\000l\000i\000c\000h\000e\000\040\000B\000e\000s\000c\000h\000r\000e\000i\000b\000u\000n\000g}{section.6.16}% 120
\BOOKMARK [2][-]{subsection.6.16.2}{\376\377\0006\000.\0001\0006\000.\0002\000\040\000D\000o\000k\000u\000m\000e\000n\000t\000a\000t\000i\000o\000n\000\040\000d\000e\000r\000\040\000E\000l\000e\000m\000e\000n\000t\000f\000u\000n\000k\000t\000i\000o\000n\000e\000n}{section.6.16}% 121
\BOOKMARK [3][-]{subsubsection.6.16.2.1}{\376\377\0006\000.\0001\0006\000.\0002\000.\0001\000\040\000g\000o\000T\000o\000M\000a\000i\000n\000M\000e\000n\000u\000\050\000\051}{subsection.6.16.2}% 122
\BOOKMARK [3][-]{subsubsection.6.16.2.2}{\376\377\0006\000.\0001\0006\000.\0002\000.\0002\000\040\000i\000n\000i\000t\000i\000a\000l\000i\000z\000e\000\050\000\051}{subsection.6.16.2}% 123
\BOOKMARK [3][-]{subsubsection.6.16.2.3}{\376\377\0006\000.\0001\0006\000.\0002\000.\0003\000\040\000s\000e\000t\000P\000o\000n\000e\000K\000e\000y\000D\000o\000w\000n\000\050\000\051}{subsection.6.16.2}% 124
\BOOKMARK [3][-]{subsubsection.6.16.2.4}{\376\377\0006\000.\0001\0006\000.\0002\000.\0004\000\040\000s\000e\000t\000P\000o\000n\000e\000K\000e\000y\000U\000p\000\050\000\051}{subsection.6.16.2}% 125
\BOOKMARK [3][-]{subsubsection.6.16.2.5}{\376\377\0006\000.\0001\0006\000.\0002\000.\0005\000\040\000s\000e\000t\000P\000t\000w\000o\000K\000e\000y\000D\000o\000w\000n\000\050\000\051}{subsection.6.16.2}% 126
\BOOKMARK [3][-]{subsubsection.6.16.2.6}{\376\377\0006\000.\0001\0006\000.\0002\000.\0006\000\040\000s\000e\000t\000P\000t\000w\000o\000K\000e\000y\000U\000p\000\050\000\051}{subsection.6.16.2}% 127
\BOOKMARK [1][-]{section.6.17}{\376\377\0006\000.\0001\0007\000\040\000d\000e\000.\000h\000t\000w\000s\000a\000a\000r\000.\000p\000o\000n\000g\000.\000z\000u\000s\000e\000.\000Z\000u\000s\000e\000P\000o\000n\000g\000A\000p\000p\000\040\000K\000l\000a\000s\000s\000e\000n\000r\000e\000f\000e\000r\000e\000n\000z}{chapter.6}% 128
\BOOKMARK [2][-]{subsection.6.17.1}{\376\377\0006\000.\0001\0007\000.\0001\000\040\000A\000u\000s\000f\000\374\000h\000r\000l\000i\000c\000h\000e\000\040\000B\000e\000s\000c\000h\000r\000e\000i\000b\000u\000n\000g}{section.6.17}% 129
\BOOKMARK [2][-]{subsection.6.17.2}{\376\377\0006\000.\0001\0007\000.\0002\000\040\000D\000o\000k\000u\000m\000e\000n\000t\000a\000t\000i\000o\000n\000\040\000d\000e\000r\000\040\000E\000l\000e\000m\000e\000n\000t\000f\000u\000n\000k\000t\000i\000o\000n\000e\000n}{section.6.17}% 130
\BOOKMARK [3][-]{subsubsection.6.17.2.1}{\376\377\0006\000.\0001\0007\000.\0002\000.\0001\000\040\000m\000a\000i\000n\000\050\000\051}{subsection.6.17.2}% 131
\BOOKMARK [0][-]{chapter.7}{\376\377\0007\000\040\000D\000a\000t\000e\000i\000-\000D\000o\000k\000u\000m\000e\000n\000t\000a\000t\000i\000o\000n}{}% 132
\BOOKMARK [1][-]{section.7.1}{\376\377\0007\000.\0001\000\040\000s\000r\000c\000/\000m\000a\000i\000n\000/\000j\000a\000v\000a\000/\000d\000e\000/\000h\000t\000w\000s\000a\000a\000r\000/\000p\000o\000n\000g\000/\000z\000u\000s\000e\000/\000c\000o\000n\000t\000r\000o\000l\000l\000e\000r\000/\000C\000h\000o\000o\000s\000e\000G\000a\000m\000e\000M\000o\000d\000e\000C\000o\000n\000t\000r\000o\000l\000l\000e\000r\000.\000j\000a\000v\000a\000-\000D\000a\000t\000e\000i\000r\000e\000f\000e\000r\000e\000n\000z}{chapter.7}% 133
\BOOKMARK [1][-]{section.7.2}{\376\377\0007\000.\0002\000\040\000s\000r\000c\000/\000m\000a\000i\000n\000/\000j\000a\000v\000a\000/\000d\000e\000/\000h\000t\000w\000s\000a\000a\000r\000/\000p\000o\000n\000g\000/\000z\000u\000s\000e\000/\000c\000o\000n\000t\000r\000o\000l\000l\000e\000r\000/\000G\000a\000m\000e\000V\000i\000e\000w\000C\000o\000n\000t\000r\000o\000l\000l\000e\000r\000.\000j\000a\000v\000a\000-\000D\000a\000t\000e\000i\000r\000e\000f\000e\000r\000e\000n\000z}{chapter.7}% 134
\BOOKMARK [1][-]{section.7.3}{\376\377\0007\000.\0003\000\040\000s\000r\000c\000/\000m\000a\000i\000n\000/\000j\000a\000v\000a\000/\000d\000e\000/\000h\000t\000w\000s\000a\000a\000r\000/\000p\000o\000n\000g\000/\000z\000u\000s\000e\000/\000c\000o\000n\000t\000r\000o\000l\000l\000e\000r\000/\000H\000o\000w\000T\000o\000P\000l\000a\000y\000C\000o\000n\000t\000r\000o\000l\000l\000e\000r\000.\000j\000a\000v\000a\000-\000D\000a\000t\000e\000i\000r\000e\000f\000e\000r\000e\000n\000z}{chapter.7}% 135
\BOOKMARK [1][-]{section.7.4}{\376\377\0007\000.\0004\000\040\000s\000r\000c\000/\000m\000a\000i\000n\000/\000j\000a\000v\000a\000/\000d\000e\000/\000h\000t\000w\000s\000a\000a\000r\000/\000p\000o\000n\000g\000/\000z\000u\000s\000e\000/\000c\000o\000n\000t\000r\000o\000l\000l\000e\000r\000/\000M\000a\000i\000n\000M\000e\000n\000u\000C\000o\000n\000t\000r\000o\000l\000l\000e\000r\000.\000j\000a\000v\000a\000-\000D\000a\000t\000e\000i\000r\000e\000f\000e\000r\000e\000n\000z}{chapter.7}% 136
\BOOKMARK [1][-]{section.7.5}{\376\377\0007\000.\0005\000\040\000s\000r\000c\000/\000m\000a\000i\000n\000/\000j\000a\000v\000a\000/\000d\000e\000/\000h\000t\000w\000s\000a\000a\000r\000/\000p\000o\000n\000g\000/\000z\000u\000s\000e\000/\000c\000o\000n\000t\000r\000o\000l\000l\000e\000r\000/\000O\000p\000t\000i\000o\000n\000s\000M\000e\000n\000u\000C\000o\000n\000t\000r\000o\000l\000l\000e\000r\000.\000j\000a\000v\000a\000-\000D\000a\000t\000e\000i\000r\000e\000f\000e\000r\000e\000n\000z}{chapter.7}% 137
\BOOKMARK [1][-]{section.7.6}{\376\377\0007\000.\0006\000\040\000s\000r\000c\000/\000m\000a\000i\000n\000/\000j\000a\000v\000a\000/\000d\000e\000/\000h\000t\000w\000s\000a\000a\000r\000/\000p\000o\000n\000g\000/\000z\000u\000s\000e\000/\000m\000o\000d\000e\000l\000/\000G\000a\000m\000e\000B\000a\000l\000l\000.\000j\000a\000v\000a\000-\000D\000a\000t\000e\000i\000r\000e\000f\000e\000r\000e\000n\000z}{chapter.7}% 138
\BOOKMARK [1][-]{section.7.7}{\376\377\0007\000.\0007\000\040\000s\000r\000c\000/\000m\000a\000i\000n\000/\000j\000a\000v\000a\000/\000d\000e\000/\000h\000t\000w\000s\000a\000a\000r\000/\000p\000o\000n\000g\000/\000z\000u\000s\000e\000/\000m\000o\000d\000e\000l\000/\000G\000a\000m\000e\000B\000u\000t\000t\000o\000n\000.\000j\000a\000v\000a\000-\000D\000a\000t\000e\000i\000r\000e\000f\000e\000r\000e\000n\000z}{chapter.7}% 139
\BOOKMARK [1][-]{section.7.8}{\376\377\0007\000.\0008\000\040\000s\000r\000c\000/\000m\000a\000i\000n\000/\000j\000a\000v\000a\000/\000d\000e\000/\000h\000t\000w\000s\000a\000a\000r\000/\000p\000o\000n\000g\000/\000z\000u\000s\000e\000/\000m\000o\000d\000e\000l\000/\000G\000a\000m\000e\000H\000a\000n\000d\000l\000e\000r\000.\000j\000a\000v\000a\000-\000D\000a\000t\000e\000i\000r\000e\000f\000e\000r\000e\000n\000z}{chapter.7}% 140
\BOOKMARK [1][-]{section.7.9}{\376\377\0007\000.\0009\000\040\000s\000r\000c\000/\000m\000a\000i\000n\000/\000j\000a\000v\000a\000/\000d\000e\000/\000h\000t\000w\000s\000a\000a\000r\000/\000p\000o\000n\000g\000/\000z\000u\000s\000e\000/\000m\000o\000d\000e\000l\000/\000G\000a\000m\000e\000O\000p\000t\000i\000o\000n\000s\000.\000j\000a\000v\000a\000-\000D\000a\000t\000e\000i\000r\000e\000f\000e\000r\000e\000n\000z}{chapter.7}% 141
\BOOKMARK [1][-]{section.7.10}{\376\377\0007\000.\0001\0000\000\040\000s\000r\000c\000/\000m\000a\000i\000n\000/\000j\000a\000v\000a\000/\000d\000e\000/\000h\000t\000w\000s\000a\000a\000r\000/\000p\000o\000n\000g\000/\000z\000u\000s\000e\000/\000m\000o\000d\000e\000l\000/\000G\000a\000m\000e\000P\000l\000a\000y\000e\000r\000.\000j\000a\000v\000a\000-\000D\000a\000t\000e\000i\000r\000e\000f\000e\000r\000e\000n\000z}{chapter.7}% 142
\BOOKMARK [1][-]{section.7.11}{\376\377\0007\000.\0001\0001\000\040\000s\000r\000c\000/\000m\000a\000i\000n\000/\000j\000a\000v\000a\000/\000d\000e\000/\000h\000t\000w\000s\000a\000a\000r\000/\000p\000o\000n\000g\000/\000z\000u\000s\000e\000/\000m\000o\000d\000e\000l\000/\000G\000a\000m\000e\000P\000l\000a\000y\000e\000r\000K\000I\000.\000j\000a\000v\000a\000-\000D\000a\000t\000e\000i\000r\000e\000f\000e\000r\000e\000n\000z}{chapter.7}% 143
\BOOKMARK [1][-]{section.7.12}{\376\377\0007\000.\0001\0002\000\040\000s\000r\000c\000/\000m\000a\000i\000n\000/\000j\000a\000v\000a\000/\000d\000e\000/\000h\000t\000w\000s\000a\000a\000r\000/\000p\000o\000n\000g\000/\000z\000u\000s\000e\000/\000m\000o\000d\000e\000l\000/\000G\000a\000m\000e\000P\000o\000i\000n\000t\000.\000j\000a\000v\000a\000-\000D\000a\000t\000e\000i\000r\000e\000f\000e\000r\000e\000n\000z}{chapter.7}% 144
\BOOKMARK [1][-]{section.7.13}{\376\377\0007\000.\0001\0003\000\040\000s\000r\000c\000/\000m\000a\000i\000n\000/\000j\000a\000v\000a\000/\000d\000e\000/\000h\000t\000w\000s\000a\000a\000r\000/\000p\000o\000n\000g\000/\000z\000u\000s\000e\000/\000m\000o\000d\000e\000l\000/\000G\000a\000m\000e\000S\000u\000b\000S\000c\000e\000n\000e\000.\000j\000a\000v\000a\000-\000D\000a\000t\000e\000i\000r\000e\000f\000e\000r\000e\000n\000z}{chapter.7}% 145
\BOOKMARK [1][-]{section.7.14}{\376\377\0007\000.\0001\0004\000\040\000s\000r\000c\000/\000m\000a\000i\000n\000/\000j\000a\000v\000a\000/\000d\000e\000/\000h\000t\000w\000s\000a\000a\000r\000/\000p\000o\000n\000g\000/\000z\000u\000s\000e\000/\000m\000o\000d\000e\000l\000/\000L\000a\000u\000n\000c\000h\000G\000a\000m\000e\000.\000j\000a\000v\000a\000-\000D\000a\000t\000e\000i\000r\000e\000f\000e\000r\000e\000n\000z}{chapter.7}% 146
\BOOKMARK [1][-]{section.7.15}{\376\377\0007\000.\0001\0005\000\040\000s\000r\000c\000/\000m\000a\000i\000n\000/\000j\000a\000v\000a\000/\000d\000e\000/\000h\000t\000w\000s\000a\000a\000r\000/\000p\000o\000n\000g\000/\000z\000u\000s\000e\000/\000Z\000u\000s\000e\000P\000o\000n\000g\000A\000p\000p\000.\000j\000a\000v\000a\000-\000D\000a\000t\000e\000i\000r\000e\000f\000e\000r\000e\000n\000z}{chapter.7}% 147
\BOOKMARK [1][-]{section.7.16}{\376\377\0007\000.\0001\0006\000\040\000s\000r\000c\000/\000t\000e\000s\000t\000/\000j\000a\000v\000a\000/\000d\000e\000/\000h\000t\000w\000s\000a\000a\000r\000/\000p\000o\000n\000g\000/\000z\000u\000s\000e\000/\000A\000p\000p\000T\000e\000s\000t\000.\000j\000a\000v\000a\000-\000D\000a\000t\000e\000i\000r\000e\000f\000e\000r\000e\000n\000z}{chapter.7}% 148
\BOOKMARK [0][-]{section*.54}{\376\377\000I\000n\000d\000e\000x}{}% 149
