This is pdfTeX, Version 3.141592653-2.6-1.40.22 (MiKTeX 21.6) (preloaded format=pdflatex 2021.8.13)  13 AUG 2021 17:50
entering extended mode
**./refman.tex
(refman.tex
LaTeX2e <2021-06-01>
L3 programming layer <2021-06-01>
(C:\Users\Marcel Hesselbach\AppData\Local\Programs\MiKTeX\tex/latex/base\book.c
ls
Document Class: book 2021/02/12 v1.4n Standard LaTeX document class

(C:\Users\Marcel Hesselbach\AppData\Local\Programs\MiKTeX\tex/latex/base\bk10.c
lo
File: bk10.clo 2021/02/12 v1.4n Standard LaTeX file (size option)
)
\c@part=\count182
\c@chapter=\count183
\c@section=\count184
\c@subsection=\count185
\c@subsubsection=\count186
\c@paragraph=\count187
\c@subparagraph=\count188
\c@figure=\count189
\c@table=\count190
\abovecaptionskip=\skip47
\belowcaptionskip=\skip48
\bibindent=\dimen138
)
(C:\Users\Marcel Hesselbach\AppData\Local\Programs\MiKTeX\tex/latex/base\ifthen
.sty
Package: ifthen 2020/11/24 v1.1c Standard LaTeX ifthen package (DPC)
)
(C:\Users\Marcel Hesselbach\AppData\Local\Programs\MiKTeX\tex/latex/tools\array
.sty
Rollback for package 'array' requested -> date 2016-10-06.
         Best approximation is the release introduced on 2016-10-06.

(C:\Users\Marcel Hesselbach\AppData\Local\Programs\MiKTeX\tex/latex/tools\array
-2016-10-06.sty
Package: array 2016/10/06 v2.4d Tabular extension package (FMi)
\col@sep=\dimen139
\extrarowheight=\dimen140
\NC@list=\toks16
\extratabsurround=\skip49
\backup@length=\skip50
))
(C:\Users\Marcel Hesselbach\AppData\Local\Programs\MiKTeX\tex/latex/base\fixltx
2e.sty
Package: fixltx2e 2016/12/29 v2.1a fixes to LaTeX (obsolete)
Applying: [2015/01/01] Old fixltx2e package on input line 46.


Package fixltx2e Warning: fixltx2e is not required with releases after 2015
(fixltx2e)                All fixes are now in the LaTeX kernel.
(fixltx2e)                See the latexrelease package for details.

Already applied: [0000/00/00] Old fixltx2e package on input line 53.
) (doxygen.sty
Package: doxygen 

(C:\Users\Marcel Hesselbach\AppData\Local\Programs\MiKTeX\tex/latex/base\alltt.
sty
Package: alltt 2021/01/29 v2.0g defines alltt environment
)
(C:\Users\Marcel Hesselbach\AppData\Local\Programs\MiKTeX\tex/latex/tools\calc.
sty
Package: calc 2017/05/25 v4.3 Infix arithmetic (KKT,FJ)
\calc@Acount=\count191
\calc@Bcount=\count192
\calc@Adimen=\dimen141
\calc@Bdimen=\dimen142
\calc@Askip=\skip51
\calc@Bskip=\skip52
LaTeX Info: Redefining \setlength on input line 80.
LaTeX Info: Redefining \addtolength on input line 81.
\calc@Ccount=\count193
\calc@Cskip=\skip53
)
(C:\Users\Marcel Hesselbach\AppData\Local\Programs\MiKTeX\tex/latex/float\float
.sty
Package: float 2001/11/08 v1.3d Float enhancements (AL)
\c@float@type=\count194
\float@exts=\toks17
\float@box=\box50
\@float@everytoks=\toks18
\@floatcapt=\box51
)
(C:\Users\Marcel Hesselbach\AppData\Local\Programs\MiKTeX\tex/latex/tools\verba
tim.sty
Package: verbatim 2020-07-07 v1.5u LaTeX2e package for verbatim enhancements
\every@verbatim=\toks19
\verbatim@line=\toks20
\verbatim@in@stream=\read2
)
(C:\Users\Marcel Hesselbach\AppData\Local\Programs\MiKTeX\tex/latex/xcolor\xcol
or.sty
Package: xcolor 2016/05/11 v2.12 LaTeX color extensions (UK)

(C:\Users\Marcel Hesselbach\AppData\Local\Programs\MiKTeX\tex/latex/graphics-cf
g\color.cfg
File: color.cfg 2016/01/02 v1.6 sample color configuration
)
Package xcolor Info: Driver file: pdftex.def on input line 225.

(C:\Users\Marcel Hesselbach\AppData\Local\Programs\MiKTeX\tex/latex/graphics-de
f\pdftex.def
File: pdftex.def 2020/10/05 v1.2a Graphics/color driver for pdftex
)
(C:\Users\Marcel Hesselbach\AppData\Local\Programs\MiKTeX\tex/latex/colortbl\co
lortbl.sty
Package: colortbl 2020/01/04 v1.0e Color table columns (DPC)
\everycr=\toks21
\minrowclearance=\skip54
)
\rownum=\count195
Package xcolor Info: Model `cmy' substituted by `cmy0' on input line 1348.
Package xcolor Info: Model `hsb' substituted by `rgb' on input line 1352.
Package xcolor Info: Model `RGB' extended on input line 1364.
Package xcolor Info: Model `HTML' substituted by `rgb' on input line 1366.
Package xcolor Info: Model `Hsb' substituted by `hsb' on input line 1367.
Package xcolor Info: Model `tHsb' substituted by `hsb' on input line 1368.
Package xcolor Info: Model `HSB' substituted by `hsb' on input line 1369.
Package xcolor Info: Model `Gray' substituted by `gray' on input line 1370.
Package xcolor Info: Model `wave' substituted by `hsb' on input line 1371.
) (longtable_doxygen.sty
Package: longtable_doxygen 2014/10/28 v4.11 Multi-page Table package (DPC) - fr
ozen version for doxygen
\LTleft=\skip55
\LTright=\skip56
\LTpre=\skip57
\LTpost=\skip58
\LTchunksize=\count196
\LTcapwidth=\dimen143
\LT@head=\box52
\LT@firsthead=\box53
\LT@foot=\box54
\LT@lastfoot=\box55
\LT@cols=\count197
\LT@rows=\count198
\c@LT@tables=\count199
\c@LT@chunks=\count266
\LT@p@ftn=\toks22
) (tabu_doxygen.sty
Package: tabu_doxygen 2011/02/26 v2.8 - flexible LaTeX tabulars (FC), frozen ve
rsion for doxygen

(C:\Users\Marcel Hesselbach\AppData\Local\Programs\MiKTeX\tex/latex/varwidth\va
rwidth.sty
Package: varwidth 2009/03/30 ver 0.92;  Variable-width minipages
\@vwid@box=\box56
\sift@deathcycles=\count267
\@vwid@loff=\dimen144
\@vwid@roff=\dimen145
)
\c@taburow=\count268
\tabu@nbcols=\count269
\tabu@cnt=\count270
\tabu@Xcol=\count271
\tabu@alloc=\count272
\tabu@nested=\count273
\tabu@target=\dimen146
\tabu@spreadtarget=\dimen147
\tabu@naturalX=\dimen148
\tabucolX=\dimen149
\tabu@Xsum=\dimen150
\extrarowdepth=\dimen151
\abovetabulinesep=\dimen152
\belowtabulinesep=\dimen153
\tabustrutrule=\dimen154
\tabu@thebody=\toks23
\tabu@footnotes=\toks24
\tabu@box=\box57
\tabu@arstrutbox=\box58
\tabu@hleads=\box59
\tabu@vleads=\box60
\tabu@cellskip=\skip59
)
(C:\Users\Marcel Hesselbach\AppData\Local\Programs\MiKTeX\tex/latex/fancyvrb\fa
ncyvrb.sty
Package: fancyvrb 2021/01/20 v3.7 verbatim text (tvz,hv)

(C:\Users\Marcel Hesselbach\AppData\Local\Programs\MiKTeX\tex/latex/graphics\ke
yval.sty
Package: keyval 2014/10/28 v1.15 key=value parser (DPC)
\KV@toks@=\toks25
)
\FV@CodeLineNo=\count274
\FV@InFile=\read3
\FV@TabBox=\box61
\c@FancyVerbLine=\count275
\FV@StepNumber=\count276
\FV@OutFile=\write3
)
(C:\Users\Marcel Hesselbach\AppData\Local\Programs\MiKTeX\tex/latex/tools\tabul
arx.sty
Package: tabularx 2020/01/15 v2.11c `tabularx' package (DPC)
\TX@col@width=\dimen155
\TX@old@table=\dimen156
\TX@old@col=\dimen157
\TX@target=\dimen158
\TX@delta=\dimen159
\TX@cols=\count277
\TX@ftn=\toks26
)
(C:\Users\Marcel Hesselbach\AppData\Local\Programs\MiKTeX\tex/latex/tools\multi
col.sty
Package: multicol 2019/12/09 v1.8y multicolumn formatting (FMi)
\c@tracingmulticols=\count278
\mult@box=\box62
\multicol@leftmargin=\dimen160
\c@unbalance=\count279
\c@collectmore=\count280
\doublecol@number=\count281
\multicoltolerance=\count282
\multicolpretolerance=\count283
\full@width=\dimen161
\page@free=\dimen162
\premulticols=\dimen163
\postmulticols=\dimen164
\multicolsep=\skip60
\multicolbaselineskip=\skip61
\partial@page=\box63
\last@line=\box64
\maxbalancingoverflow=\dimen165
\mult@rightbox=\box65
\mult@grightbox=\box66
\mult@gfirstbox=\box67
\mult@firstbox=\box68
\@tempa=\box69
\@tempa=\box70
\@tempa=\box71
\@tempa=\box72
\@tempa=\box73
\@tempa=\box74
\@tempa=\box75
\@tempa=\box76
\@tempa=\box77
\@tempa=\box78
\@tempa=\box79
\@tempa=\box80
\@tempa=\box81
\@tempa=\box82
\@tempa=\box83
\@tempa=\box84
\@tempa=\box85
\@tempa=\box86
\@tempa=\box87
\@tempa=\box88
\@tempa=\box89
\@tempa=\box90
\@tempa=\box91
\@tempa=\box92
\@tempa=\box93
\@tempa=\box94
\@tempa=\box95
\@tempa=\box96
\@tempa=\box97
\@tempa=\box98
\@tempa=\box99
\@tempa=\box100
\@tempa=\box101
\@tempa=\box102
\@tempa=\box103
\@tempa=\box104
\@tempa=\box105
\c@minrows=\count284
\c@columnbadness=\count285
\c@finalcolumnbadness=\count286
\last@try=\dimen166
\multicolovershoot=\dimen167
\multicolundershoot=\dimen168
\mult@nat@firstbox=\box106
\colbreak@box=\box107
\mc@col@check@num=\count287
)
(C:\Users\Marcel Hesselbach\AppData\Local\Programs\MiKTeX\tex/latex/multirow\mu
ltirow.sty
Package: multirow 2021/03/15 v2.8 Span multiple rows of a table
\multirow@colwidth=\skip62
\multirow@cntb=\count288
\multirow@dima=\skip63
\bigstrutjot=\dimen169
)
(C:\Users\Marcel Hesselbach\AppData\Local\Programs\MiKTeX\tex/latex/hanging\han
ging.sty
Package: hanging 2009/09/02 v1.2b hanging paragraphs and punctuation
\h@ngcommawd=\skip64
\h@ngfstopwd=\skip65
\h@ngquotewd=\skip66
\h@ngdquotewd=\skip67
\h@ngquerywd=\skip68
\h@ngexclwd=\skip69
\h@ngcolonwd=\skip70
\h@ngscolonwd=\skip71
)
(C:\Users\Marcel Hesselbach\AppData\Local\Programs\MiKTeX\tex/generic/iftex\ifp
df.sty
Package: ifpdf 2019/10/25 v3.4 ifpdf legacy package. Use iftex instead.

(C:\Users\Marcel Hesselbach\AppData\Local\Programs\MiKTeX\tex/generic/iftex\ift
ex.sty
Package: iftex 2020/03/06 v1.0d TeX engine tests
))
(C:\Users\Marcel Hesselbach\AppData\Local\Programs\MiKTeX\tex/latex/adjustbox\a
djustbox.sty
Package: adjustbox 2020/08/19 v1.3 Adjusting TeX boxes (trim, clip, ...)

(C:\Users\Marcel Hesselbach\AppData\Local\Programs\MiKTeX\tex/latex/xkeyval\xke
yval.sty
Package: xkeyval 2020/11/20 v2.8 package option processing (HA)

(C:\Users\Marcel Hesselbach\AppData\Local\Programs\MiKTeX\tex/generic/xkeyval\x
keyval.tex
(C:\Users\Marcel Hesselbach\AppData\Local\Programs\MiKTeX\tex/generic/xkeyval\x
kvutils.tex
\XKV@toks=\toks27
\XKV@tempa@toks=\toks28
)
\XKV@depth=\count289
File: xkeyval.tex 2014/12/03 v2.7a key=value parser (HA)
))
(C:\Users\Marcel Hesselbach\AppData\Local\Programs\MiKTeX\tex/latex/adjustbox\a
djcalc.sty
Package: adjcalc 2012/05/16 v1.1 Provides advanced setlength with multiple back
-ends (calc, etex, pgfmath)
)
(C:\Users\Marcel Hesselbach\AppData\Local\Programs\MiKTeX\tex/latex/adjustbox\t
rimclip.sty
Package: trimclip 2020/08/19 v1.2 Trim and clip general TeX material

(C:\Users\Marcel Hesselbach\AppData\Local\Programs\MiKTeX\tex/latex/graphics\gr
aphicx.sty
Package: graphicx 2020/12/05 v1.2c Enhanced LaTeX Graphics (DPC,SPQR)

(C:\Users\Marcel Hesselbach\AppData\Local\Programs\MiKTeX\tex/latex/graphics\gr
aphics.sty
Package: graphics 2021/03/04 v1.4d Standard LaTeX Graphics (DPC,SPQR)

(C:\Users\Marcel Hesselbach\AppData\Local\Programs\MiKTeX\tex/latex/graphics\tr
ig.sty
Package: trig 2016/01/03 v1.10 sin cos tan (DPC)
)
(C:\Users\Marcel Hesselbach\AppData\Local\Programs\MiKTeX\tex/latex/graphics-cf
g\graphics.cfg
File: graphics.cfg 2016/06/04 v1.11 sample graphics configuration
)
Package graphics Info: Driver file: pdftex.def on input line 107.
)
\Gin@req@height=\dimen170
\Gin@req@width=\dimen171
)
(C:\Users\Marcel Hesselbach\AppData\Local\Programs\MiKTeX\tex/latex/collectbox\
collectbox.sty
Package: collectbox 2012/05/17 v0.4b Collect macro arguments as boxes
\collectedbox=\box108
)
\tc@llx=\dimen172
\tc@lly=\dimen173
\tc@urx=\dimen174
\tc@ury=\dimen175
Package trimclip Info: Using driver 'tc-pdftex.def'.

(C:\Users\Marcel Hesselbach\AppData\Local\Programs\MiKTeX\tex/latex/adjustbox\t
c-pdftex.def
File: tc-pdftex.def 2019/01/04 v2.2 Clipping driver for pdftex
))
\adjbox@Width=\dimen176
\adjbox@Height=\dimen177
\adjbox@Depth=\dimen178
\adjbox@Totalheight=\dimen179
\adjbox@pwidth=\dimen180
\adjbox@pheight=\dimen181
\adjbox@pdepth=\dimen182
\adjbox@ptotalheight=\dimen183

(C:\Users\Marcel Hesselbach\AppData\Local\Programs\MiKTeX\tex/latex/ifoddpage\i
foddpage.sty
Package: ifoddpage 2016/04/23 v1.1 Conditionals for odd/even page detection
\c@checkoddpage=\count290
))
(C:\Users\Marcel Hesselbach\AppData\Local\Programs\MiKTeX\tex/latex/amsfonts\am
ssymb.sty
Package: amssymb 2013/01/14 v3.01 AMS font symbols

(C:\Users\Marcel Hesselbach\AppData\Local\Programs\MiKTeX\tex/latex/amsfonts\am
sfonts.sty
Package: amsfonts 2013/01/14 v3.01 Basic AMSFonts support
\@emptytoks=\toks29
\symAMSa=\mathgroup4
\symAMSb=\mathgroup5
LaTeX Font Info:    Redeclaring math symbol \hbar on input line 98.
LaTeX Font Info:    Overwriting math alphabet `\mathfrak' in version `bold'
(Font)                  U/euf/m/n --> U/euf/b/n on input line 106.
))
(C:\Users\Marcel Hesselbach\AppData\Local\Programs\MiKTeX\tex/latex/stackengine
\stackengine.sty
Package: stackengine 2021/07/22 v4.11\ Stacking text and objects in convenient 
ways

(C:\Users\Marcel Hesselbach\AppData\Local\Programs\MiKTeX\tex/latex/etoolbox\et
oolbox.sty
Package: etoolbox 2020/10/05 v2.5k e-TeX tools for LaTeX (JAW)
\etb@tempcnta=\count291
)
(C:\Users\Marcel Hesselbach\AppData\Local\Programs\MiKTeX\tex/latex/listofitems
\listofitems.sty
(C:\Users\Marcel Hesselbach\AppData\Local\Programs\MiKTeX\tex/generic/listofite
ms\listofitems.tex
\loi_cnt_foreach_nest=\count292
\loi_nestcnt=\count293
)
Package: listofitems 2019/08/21 v1.63 Grab items in lists using user-specified 
sep char (CT)
)
\c@@stackindex=\count294
\@boxshift=\skip72
\stack@tmplength=\skip73
\temp@stkl=\skip74
\@stackedboxwidth=\skip75
\@addedbox=\box109
\@anchorbox=\box110
\@insetbox=\box111
\se@backgroundbox=\box112
\stackedbox=\box113
\@centerbox=\box114
\c@ROWcellindex@=\count295
)
(C:\Users\Marcel Hesselbach\AppData\Local\Programs\MiKTeX\tex/latex/ulem\ulem.s
ty
\UL@box=\box115
\UL@hyphenbox=\box116
\UL@skip=\skip76
\UL@hook=\toks30
\UL@height=\dimen184
\UL@pe=\count296
\UL@pixel=\dimen185
\ULC@box=\box117
Package: ulem 2019/11/18
\ULdepth=\dimen186
)
\xrefbox=\box118
\xreflength=\skip77
\CodeWidthChar=\skip78
\CodeHeightChar=\skip79
\DoxyCodeWidth=\skip80
)
(C:\Users\Marcel Hesselbach\AppData\Local\Programs\MiKTeX\tex/latex/base\inpute
nc.sty
Package: inputenc 2021/02/14 v1.3d Input encoding file
\inpenc@prehook=\toks31
\inpenc@posthook=\toks32
)
(C:\Users\Marcel Hesselbach\AppData\Local\Programs\MiKTeX\tex/latex/base\makeid
x.sty
Package: makeidx 2014/09/29 v1.0m Standard LaTeX package
)
(C:\Users\Marcel Hesselbach\AppData\Local\Programs\MiKTeX\tex/latex/base\textco
mp.sty
Package: textcomp 2020/02/02 v2.0n Standard LaTeX package
)
(C:\Users\Marcel Hesselbach\AppData\Local\Programs\MiKTeX\tex/latex/wasysym\was
ysym.sty
Package: wasysym 2020/01/19 v2.4 Wasy-2 symbol support package
\symwasy=\mathgroup6
LaTeX Font Info:    Overwriting symbol font `wasy' in version `bold'
(Font)                  U/wasy/m/n --> U/wasy/b/n on input line 93.
)
(C:\Users\Marcel Hesselbach\AppData\Local\Programs\MiKTeX\tex/generic/iftex\ifx
etex.sty
Package: ifxetex 2019/10/25 v0.7 ifxetex legacy package. Use iftex instead.
)
(C:\Users\Marcel Hesselbach\AppData\Local\Programs\MiKTeX\tex/generic/babel\bab
el.sty
Package: babel 2021/06/02 3.60 The Babel package

(C:\Users\Marcel Hesselbach\AppData\Local\Programs\MiKTeX\tex/generic/babel\bab
el.def
File: babel.def 2021/06/02 3.60 Babel common definitions
\babel@savecnt=\count297
\U@D=\dimen187
\l@unhyphenated=\language79

(C:\Users\Marcel Hesselbach\AppData\Local\Programs\MiKTeX\tex/generic/babel\txt
babel.def)
\bbl@readstream=\read4
)
\bbl@dirlevel=\count298

*************************************
* Local config file bblopts.cfg used
*

(C:\Users\Marcel Hesselbach\AppData\Local\Programs\MiKTeX\tex/latex/arabi\bblop
ts.cfg
File: bblopts.cfg 2005/09/08 v0.1 add Arabic and Farsi to "declared" options of
 babel
)
(C:\Users\Marcel Hesselbach\AppData\Local\Programs\MiKTeX\tex/latex/babel-germa
n\ngerman.ldf
Language: ngerman 2021/02/27 v2.13 German support for babel (post-1996 orthogra
phy)

(C:\Users\Marcel Hesselbach\AppData\Local\Programs\MiKTeX\tex/latex/babel-germa
n\ngermanb.ldf
Language: ngermanb 2021/02/27 v2.13 German support for babel (post-1996 orthogr
aphy)
Package babel Info: Making " an active character on input line 122.
)))
(C:\Users\Marcel Hesselbach\AppData\Local\Programs\MiKTeX\tex/latex/base\fonten
c.sty
Package: fontenc 2021/04/29 v2.0v Standard LaTeX package
)
(C:\Users\Marcel Hesselbach\AppData\Local\Programs\MiKTeX\tex/latex/psnfss\helv
et.sty
Package: helvet 2020/03/25 PSNFSS-v9.3 (WaS) 
)
(C:\Users\Marcel Hesselbach\AppData\Local\Programs\MiKTeX\tex/latex/psnfss\cour
ier.sty
Package: courier 2020/03/25 PSNFSS-v9.3 (WaS) 
)
(C:\Users\Marcel Hesselbach\AppData\Local\Programs\MiKTeX\tex/latex/sectsty\sec
tsty.sty
Package: sectsty 2002/02/25 v2.0.2 Commands to change all sectional heading sty
les


LaTeX Warning: Command \underbar  has changed.
               Check if current package is valid.


LaTeX Warning: Command \underline  has changed.
               Check if current package is valid.

)
(C:\Users\Marcel Hesselbach\AppData\Local\Programs\MiKTeX\tex/latex/geometry\ge
ometry.sty
Package: geometry 2020/01/02 v5.9 Page Geometry

(C:\Users\Marcel Hesselbach\AppData\Local\Programs\MiKTeX\tex/generic/iftex\ifv
tex.sty
Package: ifvtex 2019/10/25 v1.7 ifvtex legacy package. Use iftex instead.
)
\Gm@cnth=\count299
\Gm@cntv=\count300
\c@Gm@tempcnt=\count301
\Gm@bindingoffset=\dimen188
\Gm@wd@mp=\dimen189
\Gm@odd@mp=\dimen190
\Gm@even@mp=\dimen191
\Gm@layoutwidth=\dimen192
\Gm@layoutheight=\dimen193
\Gm@layouthoffset=\dimen194
\Gm@layoutvoffset=\dimen195
\Gm@dimlist=\toks33

(C:\Users\Marcel Hesselbach\AppData\Local\Programs\MiKTeX\tex/latex/geometry\ge
ometry.cfg))
(C:\Users\Marcel Hesselbach\AppData\Local\Programs\MiKTeX\tex/latex/fancyhdr\fa
ncyhdr.sty
Package: fancyhdr 2021/01/28 v4.0.1 Extensive control of page headers and foote
rs
\f@nch@headwidth=\skip81
\f@nch@O@elh=\skip82
\f@nch@O@erh=\skip83
\f@nch@O@olh=\skip84
\f@nch@O@orh=\skip85
\f@nch@O@elf=\skip86
\f@nch@O@erf=\skip87
\f@nch@O@olf=\skip88
\f@nch@O@orf=\skip89
)
(C:\Users\Marcel Hesselbach\AppData\Local\Programs\MiKTeX\tex/latex/natbib\natb
ib.sty
Package: natbib 2010/09/13 8.31b (PWD, AO)
\bibhang=\skip90
\bibsep=\skip91
LaTeX Info: Redefining \cite on input line 694.
\c@NAT@ctr=\count302
)
(C:\Users\Marcel Hesselbach\AppData\Local\Programs\MiKTeX\tex/latex/tocloft\toc
loft.sty
Package: tocloft 2017/08/31 v2.3i parameterised ToC, etc., typesetting
Package tocloft Info: The document has chapter divisions on input line 51.
\cftparskip=\skip92
\cftbeforetoctitleskip=\skip93
\cftaftertoctitleskip=\skip94
\cftbeforepartskip=\skip95
\cftpartnumwidth=\skip96
\cftpartindent=\skip97
\cftbeforechapskip=\skip98
\cftchapindent=\skip99
\cftchapnumwidth=\skip100
\cftbeforesecskip=\skip101
\cftsecindent=\skip102
\cftsecnumwidth=\skip103
\cftbeforesubsecskip=\skip104
\cftsubsecindent=\skip105
\cftsubsecnumwidth=\skip106
\cftbeforesubsubsecskip=\skip107
\cftsubsubsecindent=\skip108
\cftsubsubsecnumwidth=\skip109
\cftbeforeparaskip=\skip110
\cftparaindent=\skip111
\cftparanumwidth=\skip112
\cftbeforesubparaskip=\skip113
\cftsubparaindent=\skip114
\cftsubparanumwidth=\skip115
\cftbeforeloftitleskip=\skip116
\cftafterloftitleskip=\skip117
\cftbeforefigskip=\skip118
\cftfigindent=\skip119
\cftfignumwidth=\skip120
\c@lofdepth=\count303
\c@lotdepth=\count304
\cftbeforelottitleskip=\skip121
\cftafterlottitleskip=\skip122
\cftbeforetabskip=\skip123
\cfttabindent=\skip124
\cfttabnumwidth=\skip125
)
\@indexfile=\write4
\openout4 = `refman.idx'.


Writing index file refman.idx

(C:\Users\Marcel Hesselbach\AppData\Local\Programs\MiKTeX\tex/latex/newunicodec
har\newunicodechar.sty
Package: newunicodechar 2018/04/08 v1.2 Defining Unicode characters
)

Package newunicodechar Warning: Redefining Unicode character on input line 118.



Package newunicodechar Warning: Redefining Unicode character on input line 119.



(C:\Users\Marcel Hesselbach\AppData\Local\Programs\MiKTeX\tex/latex/hyperref\hy
perref.sty
Package: hyperref 2021-06-05 v7.00l Hypertext links for LaTeX

(C:\Users\Marcel Hesselbach\AppData\Local\Programs\MiKTeX\tex/generic/ltxcmds\l
txcmds.sty
Package: ltxcmds 2020-05-10 v1.25 LaTeX kernel commands for general use (HO)
)
(C:\Users\Marcel Hesselbach\AppData\Local\Programs\MiKTeX\tex/generic/pdftexcmd
s\pdftexcmds.sty
Package: pdftexcmds 2020-06-27 v0.33 Utility functions of pdfTeX for LuaTeX (HO
)

(C:\Users\Marcel Hesselbach\AppData\Local\Programs\MiKTeX\tex/generic/infwarerr
\infwarerr.sty
Package: infwarerr 2019/12/03 v1.5 Providing info/warning/error messages (HO)
)
Package pdftexcmds Info: \pdf@primitive is available.
Package pdftexcmds Info: \pdf@ifprimitive is available.
Package pdftexcmds Info: \pdfdraftmode found.
)
(C:\Users\Marcel Hesselbach\AppData\Local\Programs\MiKTeX\tex/generic/kvsetkeys
\kvsetkeys.sty
Package: kvsetkeys 2019/12/15 v1.18 Key value parser (HO)
)
(C:\Users\Marcel Hesselbach\AppData\Local\Programs\MiKTeX\tex/generic/kvdefinek
eys\kvdefinekeys.sty
Package: kvdefinekeys 2019-12-19 v1.6 Define keys (HO)
)
(C:\Users\Marcel Hesselbach\AppData\Local\Programs\MiKTeX\tex/generic/pdfescape
\pdfescape.sty
Package: pdfescape 2019/12/09 v1.15 Implements pdfTeX's escape features (HO)
)
(C:\Users\Marcel Hesselbach\AppData\Local\Programs\MiKTeX\tex/latex/hycolor\hyc
olor.sty
Package: hycolor 2020-01-27 v1.10 Color options for hyperref/bookmark (HO)
)
(C:\Users\Marcel Hesselbach\AppData\Local\Programs\MiKTeX\tex/latex/letltxmacro
\letltxmacro.sty
Package: letltxmacro 2019/12/03 v1.6 Let assignment for LaTeX macros (HO)
)
(C:\Users\Marcel Hesselbach\AppData\Local\Programs\MiKTeX\tex/latex/auxhook\aux
hook.sty
Package: auxhook 2019-12-17 v1.6 Hooks for auxiliary files (HO)
)
(C:\Users\Marcel Hesselbach\AppData\Local\Programs\MiKTeX\tex/latex/kvoptions\k
voptions.sty
Package: kvoptions 2020-10-07 v3.14 Key value format for package options (HO)
)
\@linkdim=\dimen196
\Hy@linkcounter=\count305
\Hy@pagecounter=\count306

(C:\Users\Marcel Hesselbach\AppData\Local\Programs\MiKTeX\tex/latex/hyperref\pd
1enc.def
File: pd1enc.def 2021-06-05 v7.00l Hyperref: PDFDocEncoding definition (HO)
Now handling font encoding PD1 ...
... no UTF-8 mapping file for font encoding PD1
)
(C:\Users\Marcel Hesselbach\AppData\Local\Programs\MiKTeX\tex/latex/hyperref\hy
perref-langpatches.def
File: hyperref-langpatches.def 2021-06-05 v7.00l Hyperref: patches for babel la
nguages
)
(C:\Users\Marcel Hesselbach\AppData\Local\Programs\MiKTeX\tex/generic/intcalc\i
ntcalc.sty
Package: intcalc 2019/12/15 v1.3 Expandable calculations with integers (HO)
)
(C:\Users\Marcel Hesselbach\AppData\Local\Programs\MiKTeX\tex/generic/etexcmds\
etexcmds.sty
Package: etexcmds 2019/12/15 v1.7 Avoid name clashes with e-TeX commands (HO)
)
\Hy@SavedSpaceFactor=\count307

(C:\Users\Marcel Hesselbach\AppData\Local\Programs\MiKTeX\tex/latex/hyperref\pu
enc.def
File: puenc.def 2021-06-05 v7.00l Hyperref: PDF Unicode definition (HO)
Now handling font encoding PU ...
... no UTF-8 mapping file for font encoding PU
)
Package hyperref Info: Hyper figures OFF on input line 4192.
Package hyperref Info: Link nesting OFF on input line 4197.
Package hyperref Info: Hyper index ON on input line 4200.
Package hyperref Info: Plain pages OFF on input line 4207.
Package hyperref Info: Backreferencing ON on input line 4210.
Package hyperref Info: Implicit mode ON; LaTeX internals redefined.
Package hyperref Info: Bookmarks ON on input line 4445.

(C:\Users\Marcel Hesselbach\AppData\Local\Programs\MiKTeX\tex/latex/hyperref\ba
ckref.sty
Package: backref 2021/02/04 v1.41 Bibliographical back referencing

(C:\Users\Marcel Hesselbach\AppData\Local\Programs\MiKTeX\tex/latex/rerunfilech
eck\rerunfilecheck.sty
Package: rerunfilecheck 2019/12/05 v1.9 Rerun checks for auxiliary files (HO)

(C:\Users\Marcel Hesselbach\AppData\Local\Programs\MiKTeX\tex/latex/base\atvery
end-ltx.sty
Package: atveryend-ltx 2020/08/19 v1.0a Emulation of the original atvery packag
e
with kernel methods
)
(C:\Users\Marcel Hesselbach\AppData\Local\Programs\MiKTeX\tex/generic/uniquecou
nter\uniquecounter.sty
Package: uniquecounter 2019/12/15 v1.4 Provide unlimited unique counter (HO)

(C:\Users\Marcel Hesselbach\AppData\Local\Programs\MiKTeX\tex/generic/bigintcal
c\bigintcalc.sty
Package: bigintcalc 2019/12/15 v1.5 Expandable calculations on big integers (HO
)
))
Package uniquecounter Info: New unique counter `rerunfilecheck' on input line 2
86.
))
\c@Hy@tempcnt=\count308

(C:\Users\Marcel Hesselbach\AppData\Local\Programs\MiKTeX\tex/latex/url\url.sty
\Urlmuskip=\muskip16
Package: url 2013/09/16  ver 3.4  Verb mode for urls, etc.
)
LaTeX Info: Redefining \url on input line 4804.
\XeTeXLinkMargin=\dimen197

(C:\Users\Marcel Hesselbach\AppData\Local\Programs\MiKTeX\tex/generic/bitset\bi
tset.sty
Package: bitset 2019/12/09 v1.3 Handle bit-vector datatype (HO)
)
\Fld@menulength=\count309
\Field@Width=\dimen198
\Fld@charsize=\dimen199
Package hyperref Info: Hyper figures OFF on input line 6076.
Package hyperref Info: Link nesting OFF on input line 6081.
Package hyperref Info: Hyper index ON on input line 6084.
Package hyperref Info: backreferencing ON on input line 6089.
Package hyperref Info: Link coloring OFF on input line 6096.
Package hyperref Info: Link coloring with OCG OFF on input line 6101.
Package hyperref Info: PDF/A mode OFF on input line 6106.
LaTeX Info: Redefining \ref on input line 6146.
LaTeX Info: Redefining \pageref on input line 6150.

(C:\Users\Marcel Hesselbach\AppData\Local\Programs\MiKTeX\tex/latex/base\atbegs
hi-ltx.sty
Package: atbegshi-ltx 2021/01/10 v1.0c Emulation of the original atbegshi
package with kernel methods
)
\Hy@abspage=\count310
\c@Item=\count311
\c@Hfootnote=\count312


LaTeX Warning: Command \LT@p@ftntext  has changed.
               Check if current package is valid.

)
Package hyperref Info: Driver: hpdftex.

(C:\Users\Marcel Hesselbach\AppData\Local\Programs\MiKTeX\tex/latex/hyperref\hp
dftex.def
File: hpdftex.def 2021-06-05 v7.00l Hyperref driver for pdfTeX
\Fld@listcount=\count313
\c@bookmark@seq@number=\count314
\Hy@SectionHShift=\skip126
)
Package hyperref Info: Option `colorlinks' set `true' on input line 137.
Package hyperref Info: Option `unicode' set `true' on input line 137.

(C:\Users\Marcel Hesselbach\AppData\Local\Programs\MiKTeX\tex/latex/caption\cap
tion.sty
Package: caption 2020/10/26 v3.5g Customizing captions (AR)

(C:\Users\Marcel Hesselbach\AppData\Local\Programs\MiKTeX\tex/latex/caption\cap
tion3.sty
Package: caption3 2020/10/21 v2.2e caption3 kernel (AR)
\captionmargin=\dimen256
\captionmargin@=\dimen257
\captionwidth=\dimen258
\caption@tempdima=\dimen259
\caption@indent=\dimen260
\caption@parindent=\dimen261
\caption@hangindent=\dimen262
Package caption Info: Standard document class detected.
)
\c@caption@flags=\count315
\c@continuedfloat=\count316
Package caption Info: float package is loaded.
Package caption Info: hyperref package is loaded.
Package caption Info: longtable package is loaded.

(C:\Users\Marcel Hesselbach\AppData\Local\Programs\MiKTeX\tex/latex/caption\ltc
aption.sty
Package: ltcaption 2020/05/30 v1.4b longtable captions (AR)
))
(C:\Users\Marcel Hesselbach\AppData\Local\Programs\MiKTeX\tex/latex/etoc\etoc.s
ty
Package: etoc 2021/07/13 v1.09d Completely customisable TOCs (JFB)
\Etoc@toctoks=\toks34
\c@etoc@tocid=\count317
\c@etoc@tocdepth=\count318
\etoc@framed@titlebox=\box119
\etoc@framed@contentsbox=\box120
)
LaTeX Font Info:    Trying to load font information for T1+phv on input line 15
2.

(C:\Users\Marcel Hesselbach\AppData\Local\Programs\MiKTeX\tex/latex/psnfss\t1ph
v.fd
File: t1phv.fd 2020/03/25 scalable font definitions for T1/phv.
)
LaTeX Font Info:    Font shape `T1/phv/m/n' will be
(Font)              scaled to size 8.99994pt on input line 152.

(C:\Users\Marcel Hesselbach\AppData\Local\Programs\MiKTeX\tex/latex/l3backend\l
3backend-pdftex.def
File: l3backend-pdftex.def 2021-05-07 L3 backend support: PDF output (pdfTeX)
\l__color_backend_stack_int=\count319
\l__pdf_internal_box=\box121
) (refman.aux)
\openout1 = `refman.aux'.

LaTeX Font Info:    Checking defaults for OML/cmm/m/it on input line 152.
LaTeX Font Info:    ... okay on input line 152.
LaTeX Font Info:    Checking defaults for OMS/cmsy/m/n on input line 152.
LaTeX Font Info:    ... okay on input line 152.
LaTeX Font Info:    Checking defaults for OT1/cmr/m/n on input line 152.
LaTeX Font Info:    ... okay on input line 152.
LaTeX Font Info:    Checking defaults for T1/cmr/m/n on input line 152.
LaTeX Font Info:    ... okay on input line 152.
LaTeX Font Info:    Checking defaults for TS1/cmr/m/n on input line 152.
LaTeX Font Info:    ... okay on input line 152.
LaTeX Font Info:    Checking defaults for OMX/cmex/m/n on input line 152.
LaTeX Font Info:    ... okay on input line 152.
LaTeX Font Info:    Checking defaults for U/cmr/m/n on input line 152.
LaTeX Font Info:    ... okay on input line 152.
LaTeX Font Info:    Checking defaults for PD1/pdf/m/n on input line 152.
LaTeX Font Info:    ... okay on input line 152.
LaTeX Font Info:    Checking defaults for PU/pdf/m/n on input line 152.
LaTeX Font Info:    ... okay on input line 152.

(C:\Users\Marcel Hesselbach\AppData\Local\Programs\MiKTeX\tex/context/base/mkii
\supp-pdf.mkii
[Loading MPS to PDF converter (version 2006.09.02).]
\scratchcounter=\count320
\scratchdimen=\dimen263
\scratchbox=\box122
\nofMPsegments=\count321
\nofMParguments=\count322
\everyMPshowfont=\toks35
\MPscratchCnt=\count323
\MPscratchDim=\dimen264
\MPnumerator=\count324
\makeMPintoPDFobject=\count325
\everyMPtoPDFconversion=\toks36
)
(C:\Users\Marcel Hesselbach\AppData\Local\Programs\MiKTeX\tex/latex/epstopdf-pk
g\epstopdf-base.sty
Package: epstopdf-base 2020-01-24 v2.11 Base part for package epstopdf
Package epstopdf-base Info: Redefining graphics rule for `.eps' on input line 4
85.

(C:\Users\Marcel Hesselbach\AppData\Local\Programs\MiKTeX\tex/latex/00miktex\ep
stopdf-sys.cfg
File: epstopdf-sys.cfg 2021/03/18 v2.0 Configuration of epstopdf for MiKTeX
))
*geometry* driver: auto-detecting
*geometry* detected driver: pdftex
*geometry* verbose mode - [ preamble ] result:
* driver: pdftex
* paper: a4paper
* layout: <same size as paper>
* layoutoffset:(h,v)=(0.0pt,0.0pt)
* modes: twoside 
* h-part:(L,W,R)=(71.13188pt, 455.24411pt, 71.13188pt)
* v-part:(T,H,B)=(71.13188pt, 702.78308pt, 71.13188pt)
* \paperwidth=597.50787pt
* \paperheight=845.04684pt
* \textwidth=455.24411pt
* \textheight=702.78308pt
* \oddsidemargin=-1.1381pt
* \evensidemargin=-1.1381pt
* \topmargin=-31.2056pt
* \headheight=12.0pt
* \headsep=18.06749pt
* \topskip=10.0pt
* \footskip=25.29494pt
* \marginparwidth=125.0pt
* \marginparsep=7.0pt
* \columnsep=10.0pt
* \skip\footins=9.0pt plus 4.0pt minus 2.0pt
* \hoffset=0.0pt
* \voffset=0.0pt
* \mag=1000
* \@twocolumnfalse
* \@twosidetrue
* \@mparswitchtrue
* \@reversemarginfalse
* (1in=72.27pt=25.4mm, 1cm=28.453pt)

Package hyperref Info: Link coloring ON on input line 152.

(C:\Users\Marcel Hesselbach\AppData\Local\Programs\MiKTeX\tex/latex/hyperref\na
meref.sty
Package: nameref 2021-04-02 v2.47 Cross-referencing by name of section

(C:\Users\Marcel Hesselbach\AppData\Local\Programs\MiKTeX\tex/latex/refcount\re
fcount.sty
Package: refcount 2019/12/15 v3.6 Data extraction from label references (HO)
)
(C:\Users\Marcel Hesselbach\AppData\Local\Programs\MiKTeX\tex/generic/gettitles
tring\gettitlestring.sty
Package: gettitlestring 2019/12/15 v1.6 Cleanup title references (HO)
)
\c@section@level=\count326
)
LaTeX Info: Redefining \ref on input line 152.
LaTeX Info: Redefining \pageref on input line 152.
LaTeX Info: Redefining \nameref on input line 152.
 (refman.out) (refman.out)
\@outlinefile=\write5
\openout5 = `refman.out'.

Package backref Info: ** backref set up for natbib ** on input line 152.
Package caption Info: Begin \AtBeginDocument code.
Package caption Info: End \AtBeginDocument code.
\Etoc@tf=\read5
Package hyperref Info: Option `pageanchor' set `false' on input line 159.
Package hyperref Info: Option `bookmarksnumbered' set `true' on input line 159.

Package hyperref Info: Option `unicode' set `true' on input line 159.
LaTeX Font Info:    Font shape `T1/phv/m/n' will be
(Font)              scaled to size 12.9599pt on input line 164.
LaTeX Font Info:    Font shape `T1/phv/m/n' will be
(Font)              scaled to size 10.79993pt on input line 164.
 [1


{C:/Users/Marcel Hesselbach/AppData/Local/MiKTeX/pdftex/config/pdftex.map}] [2

]
\tf@toc=\write6
\openout6 = `refman.toc'.

LaTeX Font Info:    Font shape `T1/phv/b/n' will be
(Font)              scaled to size 8.99994pt on input line 172.
LaTeX Font Info:    Trying to load font information for U+msa on input line 172
.

(C:\Users\Marcel Hesselbach\AppData\Local\Programs\MiKTeX\tex/latex/amsfonts\um
sa.fd
File: umsa.fd 2013/01/14 v3.01 AMS symbols A
)
LaTeX Font Info:    Trying to load font information for U+msb on input line 172
.

(C:\Users\Marcel Hesselbach\AppData\Local\Programs\MiKTeX\tex/latex/amsfonts\um
sb.fd
File: umsb.fd 2013/01/14 v3.01 AMS symbols B
)
LaTeX Font Info:    Trying to load font information for U+wasy on input line 17
2.

(C:\Users\Marcel Hesselbach\AppData\Local\Programs\MiKTeX\tex/latex/wasysym\uwa
sy.fd
File: uwasy.fd 2020/01/19 v2.4 Wasy-2 symbol font definitions
)
LaTeX Font Info:    Font shape `T1/phv/b/n' will be
(Font)              scaled to size 6.29996pt on input line 172.
LaTeX Font Info:    Font shape `T1/phv/m/n' will be
(Font)              scaled to size 6.29996pt on input line 172.
 [1] [2] [3] [4]
Package hyperref Info: Option `pageanchor' set `true' on input line 174.

Kapitel 1.
LaTeX Font Info:    Font shape `T1/phv/m/n' will be
(Font)              scaled to size 18.66588pt on input line 177.
LaTeX Font Info:    Font shape `T1/phv/b/n' will be
(Font)              scaled to size 18.66588pt on input line 177.
LaTeX Font Info:    Font shape `T1/phv/bc/n' will be
(Font)              scaled to size 18.66588pt on input line 177.
LaTeX Font Info:    Font shape `T1/phv/m/n' will be
(Font)              scaled to size 22.39185pt on input line 177.
LaTeX Font Info:    Font shape `T1/phv/b/n' will be
(Font)              scaled to size 22.39185pt on input line 177.
LaTeX Font Info:    Font shape `T1/phv/bc/n' will be
(Font)              scaled to size 22.39185pt on input line 177.
(namespaces.tex
LaTeX Font Info:    Font shape `T1/phv/b/n' will be
(Font)              scaled to size 12.9599pt on input line 1.
) [1


] [2

]
Kapitel 2.
LaTeX Font Info:    Font shape `T1/phv/bc/n' will be
(Font)              scaled to size 6.29996pt on input line 179.
(hierarchy.tex) [3] [4

]
Kapitel 3.
(annotated.tex) [5] [6

]
Kapitel 4.
(files.tex) [7] [8

]
Kapitel 5.
(namespacede_1_1htwsaar_1_1pong_1_1zuse_1_1controller.tex
LaTeX Font Info:    Font shape `T1/phv/b/n' will be
(Font)              scaled to size 10.79993pt on input line 8.
LaTeX Font Info:    Trying to load font information for TS1+phv on input line 1
1.

(C:\Users\Marcel Hesselbach\AppData\Local\Programs\MiKTeX\tex/latex/psnfss\ts1p
hv.fd
File: ts1phv.fd 2020/03/25 scalable font definitions for TS1/phv.
)
LaTeX Font Info:    Font shape `TS1/phv/m/n' will be
(Font)              scaled to size 8.99994pt on input line 11.
LaTeX Font Info:    Font shape `T1/phv/m/n' will be
(Font)              scaled to size 8.09995pt on input line 12.
LaTeX Font Info:    Font shape `T1/phv/m/it' in size <9> not available
(Font)              Font shape `T1/phv/m/sl' tried instead on input line 12.
LaTeX Font Info:    Font shape `T1/phv/m/sl' will be
(Font)              scaled to size 8.09995pt on input line 12.
LaTeX Font Info:    Font shape `T1/phv/m/it' in size <7> not available
(Font)              Font shape `T1/phv/m/sl' tried instead on input line 12.
LaTeX Font Info:    Font shape `T1/phv/m/sl' will be
(Font)              scaled to size 6.29996pt on input line 12.
LaTeX Font Info:    Font shape `T1/phv/bc/n' will be
(Font)              scaled to size 8.99994pt on input line 34.

Underfull \hbox (badness 10000) detected at line 34
[][][]
 []


Underfull \hbox (badness 10000) detected at line 37
[][][]
 []


Underfull \hbox (badness 10000) detected at line 40
[][][]
 []

[9]
Underfull \hbox (badness 10000) detected at line 43
[][][]
 []


Underfull \hbox (badness 10000) detected at line 46
[][][]
 []


Underfull \hbox (badness 10000) detected at line 51
[][][]
 []


Underfull \hbox (badness 10000) detected at line 54
[][][]
 []


Underfull \hbox (badness 10000) detected at line 57
[][][]
 []


Underfull \hbox (badness 10000) detected at line 60
[][][]
 []


Underfull \hbox (badness 10000) detected at line 65
[][][]
 []

) (namespacede_1_1htwsaar_1_1pong_1_1zuse_1_1model.tex [10]
Underfull \hbox (badness 10000) detected at line 50
[][][]
 []


Underfull \hbox (badness 10000) detected at line 55
[][][]
 []


Underfull \hbox (badness 10000) detected at line 58
[][][]
 []


Underfull \hbox (badness 10000) detected at line 63
[][][]
 []

[11]
Underfull \hbox (badness 10000) detected at line 66
[][][]
 []


Underfull \hbox (badness 10000) detected at line 71
[][][]
 []


Underfull \hbox (badness 10000) detected at line 74
[][][]
 []


Underfull \hbox (badness 10000) detected at line 77
[][][]
 []


Underfull \hbox (badness 10000) detected at line 80
[][][]
 []


Underfull \hbox (badness 10000) detected at line 83
[][][]
 []


Underfull \hbox (badness 10000) detected at line 86
[][][]
 []


Underfull \hbox (badness 10000) detected at line 91
[][][]
 []


Underfull \hbox (badness 10000) detected at line 94
[][][]
 []


Underfull \hbox (badness 10000) detected at line 101
[][][]
 []

[12]
Underfull \hbox (badness 10000) detected at line 104
[][][]
 []


Underfull \hbox (badness 10000) detected at line 109
[][][]
 []


Underfull \hbox (badness 10000) detected at line 112
[][][]
 []


Underfull \hbox (badness 10000) detected at line 119
[][][]
 []

) [13] [14

]
Kapitel 6.
(classde_1_1htwsaar_1_1pong_1_1zuse_1_1_app_test.tex
LaTeX Font Info:    Font shape `T1/phv/m/n' will be
(Font)              scaled to size 7.19995pt on input line 27.
LaTeX Font Info:    Trying to load font information for T1+pcr on input line 27
.

(C:\Users\Marcel Hesselbach\AppData\Local\Programs\MiKTeX\tex/latex/psnfss\t1pc
r.fd
File: t1pcr.fd 2001/06/04 font definitions for T1/pcr.
))
(classde_1_1htwsaar_1_1pong_1_1zuse_1_1controller_1_1_choose_game_mode_controll
er.tex [15]
LaTeX Font Info:    Font shape `T1/pcr/m/it' in size <8> not available
(Font)              Font shape `T1/pcr/m/sl' tried instead on input line 31.
 [16])
(classde_1_1htwsaar_1_1pong_1_1zuse_1_1model_1_1_game_ball.tex [17] [18]
Underfull \hbox (badness 10000) detected at line 81
[][][]
 []


Underfull \hbox (badness 10000) detected at line 103
[][][]
 []


Underfull \hbox (badness 10000) detected at line 125
[][][]
 []


Underfull \hbox (badness 10000) detected at line 145
[][][]
 []

LaTeX Font Info:    Font shape `T1/pcr/m/it' in size <7> not available
(Font)              Font shape `T1/pcr/m/sl' tried instead on input line 157.
[19] [20]) (classde_1_1htwsaar_1_1pong_1_1zuse_1_1model_1_1_game_button.tex
[21]) (classde_1_1htwsaar_1_1pong_1_1zuse_1_1model_1_1_game_handler.tex
Underfull \hbox (badness 10000) detected at line 32
[][][]
 []

[22] [23] [24])
(enumde_1_1htwsaar_1_1pong_1_1zuse_1_1model_1_1_game_options_1_1_game_mode.tex
[25]) (classde_1_1htwsaar_1_1pong_1_1zuse_1_1model_1_1_game_options.tex
[26] [27]
Underfull \hbox (badness 10000) detected at line 72
[][][]
 []


Underfull \hbox (badness 10000) detected at line 92
[][][]
 []


Underfull \hbox (badness 10000) detected at line 109
[][][]
 []


Underfull \hbox (badness 10000) detected at line 128
[][][]
 []


Underfull \hbox (badness 10000) detected at line 145
[][][]
 []

[28]
Underfull \hbox (badness 10000) detected at line 164
[][][]
 []


Underfull \hbox (badness 10000) detected at line 183
[][][]
 []


Underfull \hbox (badness 10000) detected at line 202
[][][]
 []

[29]
Underfull \hbox (badness 10000) detected at line 221
[][][]
 []


Underfull \hbox (badness 10000) detected at line 238
[][][]
 []

[30] [31]) (classde_1_1htwsaar_1_1pong_1_1zuse_1_1model_1_1_game_player.tex
[32]) (classde_1_1htwsaar_1_1pong_1_1zuse_1_1model_1_1_game_player_k_i.tex
[33] [34]) (classde_1_1htwsaar_1_1pong_1_1zuse_1_1model_1_1_game_point.tex)
(classde_1_1htwsaar_1_1pong_1_1zuse_1_1model_1_1_game_sub_scene.tex [35]
Underfull \hbox (badness 10000) detected at line 56
[][][]
 []

)
(classde_1_1htwsaar_1_1pong_1_1zuse_1_1controller_1_1_game_view_controller.tex
[36]
Underfull \hbox (badness 10000) detected at line 20
[][][]
 []

)
(classde_1_1htwsaar_1_1pong_1_1zuse_1_1controller_1_1_how_to_play_controller.te
x [37]) (classde_1_1htwsaar_1_1pong_1_1zuse_1_1model_1_1_launch_game.tex
[38] [39])
(classde_1_1htwsaar_1_1pong_1_1zuse_1_1controller_1_1_main_menu_controller.tex
[40] [41])
(classde_1_1htwsaar_1_1pong_1_1zuse_1_1controller_1_1_options_menu_controller.t
ex [42] [43]) (classde_1_1htwsaar_1_1pong_1_1zuse_1_1_zuse_pong_app.tex
[44]) [45] [46

]
Kapitel 7.
(_choose_game_mode_controller_8java.tex) (_game_view_controller_8java.tex)
(_how_to_play_controller_8java.tex [47]) (_main_menu_controller_8java.tex)
(_options_menu_controller_8java.tex) (_game_ball_8java.tex)
(_game_button_8java.tex [48]) (_game_handler_8java.tex)
(_game_options_8java.tex) (_game_player_8java.tex [49])
(_game_player_k_i_8java.tex) (_game_point_8java.tex) (_game_sub_scene_8java.tex
[50]) (_launch_game_8java.tex) (_zuse_pong_app_8java.tex) (_app_test_8java.tex)
[51] [52

] (refman.ind
Overfull \hbox (25.80026pt too wide) in paragraph at lines 19--21
[]\T1/phv/m/n/10 de.htwsaar.pong.zuse.controller.ChooseGameModeController,
 []


Underfull \hbox (badness 10000) in paragraph at lines 24--26
[]\T1/phv/m/n/10 de.htwsaar.pong.zuse.controller.GameViewController,
 []


Underfull \hbox (badness 10000) in paragraph at lines 28--30
[]\T1/phv/m/n/10 de.htwsaar.pong.zuse.controller.HowToPlayController,
 []


Underfull \hbox (badness 10000) in paragraph at lines 31--33
[]\T1/phv/m/n/10 de.htwsaar.pong.zuse.controller.MainMenuController,
 []

[53


]
Overfull \hbox (45.80026pt too wide) in paragraph at lines 155--157
[]| \T1/phv/m/n/10 de.htwsaar.pong.zuse.controller.ChooseGameModeController,
 []


Overfull \hbox (21.20357pt too wide) in paragraph at lines 159--161
[]| \T1/phv/m/n/10 de.htwsaar.pong.zuse.controller.OptionsMenuController,
 []


Overfull \hbox (45.80026pt too wide) in paragraph at lines 162--164
[]| \T1/phv/m/n/10 de.htwsaar.pong.zuse.controller.ChooseGameModeController,
 []


Overfull \hbox (45.80026pt too wide) in paragraph at lines 171--173
[]| \T1/phv/m/n/10 de.htwsaar.pong.zuse.controller.ChooseGameModeController,
 []


Overfull \hbox (21.20357pt too wide) in paragraph at lines 179--181
[]| \T1/phv/m/n/10 de.htwsaar.pong.zuse.controller.OptionsMenuController,
 []


Overfull \hbox (21.6178pt too wide) in paragraph at lines 199--201
[]| \T1/phv/m/n/10 de.htwsaar.pong.zuse.model.GameOptions.GameMode,
 []


Overfull \hbox (21.20357pt too wide) in paragraph at lines 224--226
[]| \T1/phv/m/n/10 de.htwsaar.pong.zuse.controller.OptionsMenuController,
 []


Overfull \hbox (21.20357pt too wide) in paragraph at lines 227--229
[]| \T1/phv/m/n/10 de.htwsaar.pong.zuse.controller.OptionsMenuController,
 []


Overfull \hbox (21.20357pt too wide) in paragraph at lines 230--232
[]| \T1/phv/m/n/10 de.htwsaar.pong.zuse.controller.OptionsMenuController,
 []


Overfull \hbox (21.20357pt too wide) in paragraph at lines 233--235
[]| \T1/phv/m/n/10 de.htwsaar.pong.zuse.controller.OptionsMenuController,
 []

[54]
Overfull \hbox (21.6178pt too wide) in paragraph at lines 244--246
[]| \T1/phv/m/n/10 de.htwsaar.pong.zuse.model.GameOptions.GameMode,
 []


Overfull \hbox (100.22876pt too wide) in paragraph at lines 246--248
[]\T1/phv/m/n/10 src/main/java/de/htwsaar/pong/zuse/controller/ChooseGameModeCo
ntroller.java,
 []


Overfull \hbox (66.02933pt too wide) in paragraph at lines 248--250
[]\T1/phv/m/n/10 src/main/java/de/htwsaar/pong/zuse/controller/GameViewControll
er.java,
 []


Overfull \hbox (66.72255pt too wide) in paragraph at lines 250--252
[]\T1/phv/m/n/10 src/main/java/de/htwsaar/pong/zuse/controller/HowToPlayControl
ler.java,
 []


Overfull \hbox (64.12134pt too wide) in paragraph at lines 252--254
[]\T1/phv/m/n/10 src/main/java/de/htwsaar/pong/zuse/controller/MainMenuControll
er.java,
 []


Overfull \hbox (75.63206pt too wide) in paragraph at lines 254--256
[]\T1/phv/m/n/10 src/main/java/de/htwsaar/pong/zuse/controller/OptionsMenuContr
oller.java,
 []


Overfull \hbox (21.66911pt too wide) in paragraph at lines 258--260
[]\T1/phv/m/n/10 src/main/java/de/htwsaar/pong/zuse/model/GameButton.java,
 []


Overfull \hbox (26.70915pt too wide) in paragraph at lines 260--262
[]\T1/phv/m/n/10 src/main/java/de/htwsaar/pong/zuse/model/GameHandler.java,
 []


Overfull \hbox (26.5292pt too wide) in paragraph at lines 262--264
[]\T1/phv/m/n/10 src/main/java/de/htwsaar/pong/zuse/model/GameOptions.java,
 []


Overfull \hbox (20.25636pt too wide) in paragraph at lines 264--266
[]\T1/phv/m/n/10 src/main/java/de/htwsaar/pong/zuse/model/GamePlayer.java,
 []


Overfull \hbox (29.21115pt too wide) in paragraph at lines 266--268
[]\T1/phv/m/n/10 src/main/java/de/htwsaar/pong/zuse/model/GamePlayerKI.java,
 []


Overfull \hbox (15.71126pt too wide) in paragraph at lines 268--270
[]\T1/phv/m/n/10 src/main/java/de/htwsaar/pong/zuse/model/GamePoint.java,
 []


Overfull \hbox (37.04108pt too wide) in paragraph at lines 270--272
[]\T1/phv/m/n/10 src/main/java/de/htwsaar/pong/zuse/model/GameSubScene.java,
 []


Overfull \hbox (25.03531pt too wide) in paragraph at lines 272--274
[]\T1/phv/m/n/10 src/main/java/de/htwsaar/pong/zuse/model/LaunchGame.java,
 []

[55

]) (refman.aux)
Package rerunfilecheck Info: File `refman.out' has not changed.
(rerunfilecheck)             Checksum: E3DC1E51BB39690F27A74DFF6BDECCB7;38710.
 ) 
Here is how much of TeX's memory you used:
 18089 strings out of 478864
 298220 string characters out of 2842936
 668184 words of memory out of 3000000
 35200 multiletter control sequences out of 15000+600000
 461756 words of font info for 94 fonts, out of 8000000 for 9000
 1141 hyphenation exceptions out of 8191
 101i,16n,117p,750b,755s stack positions out of 5000i,500n,10000p,200000b,80000s
{C:/Users/Marcel Hesselbach/AppData/Local/Programs/MiKTeX/fonts/enc/dvips/bas
e/8r.enc}<C:/Users/Marcel Hesselbach/AppData/Local/Programs/MiKTeX/fonts/type1/
public/amsfonts/cm/cmmi7.pfb><C:/Users/Marcel Hesselbach/AppData/Local/Programs
/MiKTeX/fonts/type1/public/amsfonts/cm/cmsy7.pfb><C:/Users/Marcel Hesselbach/Ap
pData/Local/Programs/MiKTeX/fonts/type1/urw/courier/ucrr8a.pfb><C:/Users/Marcel
 Hesselbach/AppData/Local/Programs/MiKTeX/fonts/type1/urw/courier/ucrro8a.pfb><
C:/Users/Marcel Hesselbach/AppData/Local/Programs/MiKTeX/fonts/type1/urw/helvet
ic/uhvb8a.pfb><C:/Users/Marcel Hesselbach/AppData/Local/Programs/MiKTeX/fonts/t
ype1/urw/helvetic/uhvb8ac.pfb><C:/Users/Marcel Hesselbach/AppData/Local/Program
s/MiKTeX/fonts/type1/urw/helvetic/uhvr8a.pfb><C:/Users/Marcel Hesselbach/AppDat
a/Local/Programs/MiKTeX/fonts/type1/urw/helvetic/uhvro8a.pfb>
Output written on refman.pdf (61 pages, 433988 bytes).
PDF statistics:
 1812 PDF objects out of 2073 (max. 8388607)
 391 named destinations out of 1000 (max. 500000)
 1193 words of extra memory for PDF output out of 10000 (max. 10000000)

